{"C:\\Users\\Owner\\Desktop\\CivicIQ\\civiciq\\src\\App.tsx": {"path":"C:\\Users\\Owner\\Desktop\\CivicIQ\\civiciq\\src\\App.tsx","all":true,"statementMap":{"0":{"start":{"line":1,"column":0},"end":{"line":1,"column":49}},"1":{"start":{"line":2,"column":0},"end":{"line":2,"column":42}},"2":{"start":{"line":3,"column":0},"end":{"line":3,"column":44}},"3":{"start":{"line":4,"column":0},"end":{"line":4,"column":46}},"5":{"start":{"line":6,"column":0},"end":{"line":6,"column":88}},"7":{"start":{"line":8,"column":0},"end":{"line":8,"column":16}},"8":{"start":{"line":9,"column":0},"end":{"line":9,"column":10}},"9":{"start":{"line":10,"column":0},"end":{"line":10,"column":12}},"10":{"start":{"line":11,"column":0},"end":{"line":11,"column":46}},"11":{"start":{"line":12,"column":0},"end":{"line":12,"column":55}},"12":{"start":{"line":13,"column":0},"end":{"line":13,"column":57}},"13":{"start":{"line":14,"column":0},"end":{"line":14,"column":47}},"14":{"start":{"line":15,"column":0},"end":{"line":15,"column":13}},"16":{"start":{"line":17,"column":0},"end":{"line":17,"column":1}},"18":{"start":{"line":19,"column":0},"end":{"line":19,"column":19}}},"s":{"0":0,"1":0,"2":0,"3":0,"5":0,"7":0,"8":0,"9":0,"10":0,"11":0,"12":0,"13":0,"14":0,"16":0,"18":0},"branchMap":{"0":{"type":"branch","line":1,"loc":{"start":{"line":1,"column":567},"end":{"line":19,"column":19}},"locations":[{"start":{"line":1,"column":567},"end":{"line":19,"column":19}}]}},"b":{"0":[0]},"fnMap":{"0":{"name":"(empty-report)","decl":{"start":{"line":1,"column":567},"end":{"line":19,"column":19}},"loc":{"start":{"line":1,"column":567},"end":{"line":19,"column":19}},"line":1}},"f":{"0":0}}
,"C:\\Users\\Owner\\Desktop\\CivicIQ\\civiciq\\src\\main.tsx": {"path":"C:\\Users\\Owner\\Desktop\\CivicIQ\\civiciq\\src\\main.tsx","all":true,"statementMap":{"0":{"start":{"line":1,"column":0},"end":{"line":1,"column":26}},"1":{"start":{"line":2,"column":0},"end":{"line":2,"column":40}},"2":{"start":{"line":3,"column":0},"end":{"line":3,"column":49}},"3":{"start":{"line":4,"column":0},"end":{"line":4,"column":24}},"4":{"start":{"line":5,"column":0},"end":{"line":5,"column":21}},"6":{"start":{"line":7,"column":0},"end":{"line":7,"column":61}},"7":{"start":{"line":8,"column":0},"end":{"line":8,"column":20}},"8":{"start":{"line":9,"column":0},"end":{"line":9,"column":19}},"9":{"start":{"line":10,"column":0},"end":{"line":10,"column":13}},"10":{"start":{"line":11,"column":0},"end":{"line":11,"column":20}},"11":{"start":{"line":12,"column":0},"end":{"line":12,"column":22}},"12":{"start":{"line":13,"column":0},"end":{"line":13,"column":2}}},"s":{"0":0,"1":0,"2":0,"3":0,"4":0,"6":0,"7":0,"8":0,"9":0,"10":0,"11":0,"12":0},"branchMap":{"0":{"type":"branch","line":1,"loc":{"start":{"line":1,"column":275},"end":{"line":13,"column":-210}},"locations":[{"start":{"line":1,"column":275},"end":{"line":13,"column":-210}}]}},"b":{"0":[0]},"fnMap":{"0":{"name":"(empty-report)","decl":{"start":{"line":1,"column":275},"end":{"line":13,"column":-210}},"loc":{"start":{"line":1,"column":275},"end":{"line":13,"column":-210}},"line":1}},"f":{"0":0}}
,"C:\\Users\\Owner\\Desktop\\CivicIQ\\civiciq\\src\\components\\chat\\ChatInput.tsx": {"path":"C:\\Users\\Owner\\Desktop\\CivicIQ\\civiciq\\src\\components\\chat\\ChatInput.tsx","all":false,"statementMap":{"0":{"start":{"line":1,"column":0},"end":{"line":1,"column":52}},"1":{"start":{"line":2,"column":0},"end":{"line":2,"column":41}},"2":{"start":{"line":3,"column":0},"end":{"line":3,"column":28}},"9":{"start":{"line":10,"column":0},"end":{"line":10,"column":76}},"10":{"start":{"line":11,"column":0},"end":{"line":11,"column":45}},"11":{"start":{"line":12,"column":0},"end":{"line":12,"column":56}},"13":{"start":{"line":14,"column":0},"end":{"line":14,"column":28}},"14":{"start":{"line":15,"column":0},"end":{"line":15,"column":64}},"15":{"start":{"line":16,"column":0},"end":{"line":16,"column":36}},"16":{"start":{"line":17,"column":0},"end":{"line":17,"column":21}},"17":{"start":{"line":18,"column":0},"end":{"line":18,"column":5}},"18":{"start":{"line":19,"column":0},"end":{"line":19,"column":4}},"20":{"start":{"line":21,"column":0},"end":{"line":21,"column":53}},"21":{"start":{"line":22,"column":0},"end":{"line":22,"column":43}},"22":{"start":{"line":23,"column":0},"end":{"line":23,"column":25}},"23":{"start":{"line":24,"column":0},"end":{"line":24,"column":19}},"24":{"start":{"line":25,"column":0},"end":{"line":25,"column":5}},"25":{"start":{"line":26,"column":0},"end":{"line":26,"column":4}},"27":{"start":{"line":28,"column":0},"end":{"line":28,"column":19}},"28":{"start":{"line":29,"column":0},"end":{"line":29,"column":30}},"29":{"start":{"line":30,"column":0},"end":{"line":30,"column":48}},"30":{"start":{"line":31,"column":0},"end":{"line":31,"column":96}},"31":{"start":{"line":32,"column":0},"end":{"line":32,"column":5}},"32":{"start":{"line":33,"column":0},"end":{"line":33,"column":16}},"34":{"start":{"line":35,"column":0},"end":{"line":35,"column":10}},"35":{"start":{"line":36,"column":0},"end":{"line":36,"column":59}},"36":{"start":{"line":37,"column":0},"end":{"line":37,"column":126}},"37":{"start":{"line":38,"column":0},"end":{"line":38,"column":17}},"38":{"start":{"line":39,"column":0},"end":{"line":39,"column":27}},"39":{"start":{"line":40,"column":0},"end":{"line":40,"column":25}},"40":{"start":{"line":41,"column":0},"end":{"line":41,"column":54}},"41":{"start":{"line":42,"column":0},"end":{"line":42,"column":35}},"42":{"start":{"line":43,"column":0},"end":{"line":43,"column":61}},"43":{"start":{"line":44,"column":0},"end":{"line":44,"column":38}},"44":{"start":{"line":45,"column":0},"end":{"line":45,"column":25}},"45":{"start":{"line":46,"column":0},"end":{"line":46,"column":129}},"46":{"start":{"line":47,"column":0},"end":{"line":47,"column":18}},"47":{"start":{"line":48,"column":0},"end":{"line":48,"column":30}},"48":{"start":{"line":49,"column":0},"end":{"line":49,"column":10}},"50":{"start":{"line":51,"column":0},"end":{"line":51,"column":69}},"51":{"start":{"line":52,"column":0},"end":{"line":52,"column":32}},"52":{"start":{"line":53,"column":0},"end":{"line":53,"column":62}},"53":{"start":{"line":54,"column":0},"end":{"line":54,"column":65}},"54":{"start":{"line":55,"column":0},"end":{"line":55,"column":13}},"55":{"start":{"line":56,"column":0},"end":{"line":56,"column":32}},"56":{"start":{"line":57,"column":0},"end":{"line":57,"column":17}},"58":{"start":{"line":59,"column":0},"end":{"line":59,"column":51}},"59":{"start":{"line":60,"column":0},"end":{"line":60,"column":86}},"60":{"start":{"line":61,"column":0},"end":{"line":61,"column":41}},"61":{"start":{"line":62,"column":0},"end":{"line":62,"column":21}},"62":{"start":{"line":63,"column":0},"end":{"line":63,"column":19}},"63":{"start":{"line":64,"column":0},"end":{"line":64,"column":34}},"64":{"start":{"line":65,"column":0},"end":{"line":65,"column":77}},"65":{"start":{"line":66,"column":0},"end":{"line":66,"column":82}},"66":{"start":{"line":67,"column":0},"end":{"line":67,"column":39}},"67":{"start":{"line":68,"column":0},"end":{"line":68,"column":30}},"68":{"start":{"line":69,"column":0},"end":{"line":69,"column":48}},"69":{"start":{"line":70,"column":0},"end":{"line":70,"column":45}},"70":{"start":{"line":71,"column":0},"end":{"line":71,"column":69}},"71":{"start":{"line":72,"column":0},"end":{"line":72,"column":47}},"72":{"start":{"line":73,"column":0},"end":{"line":73,"column":16}},"74":{"start":{"line":75,"column":0},"end":{"line":75,"column":61}},"75":{"start":{"line":76,"column":0},"end":{"line":76,"column":21}},"76":{"start":{"line":77,"column":0},"end":{"line":77,"column":16}},"77":{"start":{"line":78,"column":0},"end":{"line":78,"column":14}},"78":{"start":{"line":79,"column":0},"end":{"line":79,"column":12}},"79":{"start":{"line":80,"column":0},"end":{"line":80,"column":10}},"81":{"start":{"line":82,"column":0},"end":{"line":82,"column":2}}},"s":{"0":1,"1":1,"2":1,"9":1,"10":25,"11":25,"13":25,"14":2,"15":2,"16":2,"17":2,"18":2,"20":25,"21":3,"22":2,"23":2,"24":2,"25":3,"27":25,"28":24,"29":24,"30":24,"31":24,"32":25,"34":25,"35":25,"36":25,"37":25,"38":25,"39":25,"40":25,"41":25,"42":25,"43":25,"44":25,"45":25,"46":25,"47":25,"48":25,"50":25,"51":25,"52":25,"53":25,"54":25,"55":25,"56":25,"58":25,"59":25,"60":25,"61":25,"62":25,"63":25,"64":25,"65":25,"66":25,"67":25,"68":25,"69":25,"70":3,"71":22,"72":25,"74":25,"75":25,"76":25,"77":25,"78":25,"79":25,"81":25},"branchMap":{"0":{"type":"branch","line":10,"loc":{"start":{"line":10,"column":25},"end":{"line":82,"column":2}},"locations":[{"start":{"line":10,"column":25},"end":{"line":82,"column":2}}]},"1":{"type":"branch","line":54,"loc":{"start":{"line":54,"column":29},"end":{"line":54,"column":50}},"locations":[{"start":{"line":54,"column":29},"end":{"line":54,"column":50}}]},"2":{"type":"branch","line":65,"loc":{"start":{"line":65,"column":51},"end":{"line":65,"column":77}},"locations":[{"start":{"line":65,"column":51},"end":{"line":65,"column":77}}]},"3":{"type":"branch","line":66,"loc":{"start":{"line":66,"column":56},"end":{"line":66,"column":82}},"locations":[{"start":{"line":66,"column":56},"end":{"line":66,"column":82}}]},"4":{"type":"branch","line":70,"loc":{"start":{"line":70,"column":29},"end":{"line":70,"column":45}},"locations":[{"start":{"line":70,"column":29},"end":{"line":70,"column":45}}]},"5":{"type":"branch","line":70,"loc":{"start":{"line":70,"column":35},"end":{"line":71,"column":69}},"locations":[{"start":{"line":70,"column":35},"end":{"line":71,"column":69}}]},"6":{"type":"branch","line":71,"loc":{"start":{"line":71,"column":20},"end":{"line":72,"column":47}},"locations":[{"start":{"line":71,"column":20},"end":{"line":72,"column":47}}]},"7":{"type":"branch","line":14,"loc":{"start":{"line":14,"column":21},"end":{"line":19,"column":4}},"locations":[{"start":{"line":14,"column":21},"end":{"line":19,"column":4}}]},"8":{"type":"branch","line":21,"loc":{"start":{"line":21,"column":24},"end":{"line":26,"column":4}},"locations":[{"start":{"line":21,"column":24},"end":{"line":26,"column":4}}]},"9":{"type":"branch","line":22,"loc":{"start":{"line":22,"column":42},"end":{"line":25,"column":5}},"locations":[{"start":{"line":22,"column":42},"end":{"line":25,"column":5}}]},"10":{"type":"branch","line":28,"loc":{"start":{"line":28,"column":12},"end":{"line":33,"column":5}},"locations":[{"start":{"line":28,"column":12},"end":{"line":33,"column":5}}]},"11":{"type":"branch","line":41,"loc":{"start":{"line":41,"column":20},"end":{"line":41,"column":54}},"locations":[{"start":{"line":41,"column":20},"end":{"line":41,"column":54}}]}},"b":{"0":[25],"1":[0],"2":[3],"3":[3],"4":[3],"5":[3],"6":[22],"7":[2],"8":[3],"9":[2],"10":[24],"11":[3]},"fnMap":{"0":{"name":"ChatInput","decl":{"start":{"line":10,"column":25},"end":{"line":82,"column":2}},"loc":{"start":{"line":10,"column":25},"end":{"line":82,"column":2}},"line":10},"1":{"name":"handleSend","decl":{"start":{"line":14,"column":21},"end":{"line":19,"column":4}},"loc":{"start":{"line":14,"column":21},"end":{"line":19,"column":4}},"line":14},"2":{"name":"handleKeyDown","decl":{"start":{"line":21,"column":24},"end":{"line":26,"column":4}},"loc":{"start":{"line":21,"column":24},"end":{"line":26,"column":4}},"line":21},"3":{"name":"onChange","decl":{"start":{"line":41,"column":20},"end":{"line":41,"column":54}},"loc":{"start":{"line":41,"column":20},"end":{"line":41,"column":54}},"line":41}},"f":{"0":25,"1":2,"2":3,"3":3}}
,"C:\\Users\\Owner\\Desktop\\CivicIQ\\civiciq\\src\\components\\chat\\ChatMessage.tsx": {"path":"C:\\Users\\Owner\\Desktop\\CivicIQ\\civiciq\\src\\components\\chat\\ChatMessage.tsx","all":false,"statementMap":{"0":{"start":{"line":1,"column":0},"end":{"line":1,"column":39}},"2":{"start":{"line":3,"column":0},"end":{"line":3,"column":46}},"3":{"start":{"line":4,"column":0},"end":{"line":4,"column":28}},"4":{"start":{"line":5,"column":0},"end":{"line":5,"column":41}},"6":{"start":{"line":7,"column":0},"end":{"line":7,"column":31}},"7":{"start":{"line":8,"column":0},"end":{"line":8,"column":31}},"8":{"start":{"line":9,"column":0},"end":{"line":9,"column":1}},"15":{"start":{"line":16,"column":0},"end":{"line":16,"column":27}},"16":{"start":{"line":17,"column":0},"end":{"line":17,"column":101}},"17":{"start":{"line":18,"column":0},"end":{"line":18,"column":99}},"18":{"start":{"line":19,"column":0},"end":{"line":19,"column":90}},"19":{"start":{"line":20,"column":0},"end":{"line":20,"column":157}},"20":{"start":{"line":21,"column":0},"end":{"line":21,"column":176}},"21":{"start":{"line":22,"column":0},"end":{"line":22,"column":10}},"22":{"start":{"line":23,"column":0},"end":{"line":23,"column":8}},"25":{"start":{"line":26,"column":0},"end":{"line":26,"column":63}},"26":{"start":{"line":27,"column":0},"end":{"line":27,"column":29}},"27":{"start":{"line":28,"column":0},"end":{"line":28,"column":40}},"29":{"start":{"line":30,"column":0},"end":{"line":30,"column":10}},"30":{"start":{"line":31,"column":0},"end":{"line":31,"column":15}},"31":{"start":{"line":32,"column":0},"end":{"line":32,"column":50}},"32":{"start":{"line":33,"column":0},"end":{"line":33,"column":36}},"33":{"start":{"line":34,"column":0},"end":{"line":34,"column":20}},"34":{"start":{"line":35,"column":0},"end":{"line":35,"column":26}},"35":{"start":{"line":36,"column":0},"end":{"line":36,"column":35}},"36":{"start":{"line":37,"column":0},"end":{"line":37,"column":8}},"38":{"start":{"line":39,"column":0},"end":{"line":39,"column":15}},"39":{"start":{"line":40,"column":0},"end":{"line":40,"column":23}},"41":{"start":{"line":42,"column":0},"end":{"line":42,"column":13}},"42":{"start":{"line":43,"column":0},"end":{"line":43,"column":37}},"43":{"start":{"line":44,"column":0},"end":{"line":44,"column":17}},"44":{"start":{"line":45,"column":0},"end":{"line":45,"column":75}},"45":{"start":{"line":46,"column":0},"end":{"line":46,"column":10}},"48":{"start":{"line":49,"column":0},"end":{"line":49,"column":25}},"49":{"start":{"line":50,"column":0},"end":{"line":50,"column":36}},"50":{"start":{"line":51,"column":0},"end":{"line":51,"column":28}},"51":{"start":{"line":52,"column":0},"end":{"line":52,"column":9}},"52":{"start":{"line":53,"column":0},"end":{"line":53,"column":27}},"53":{"start":{"line":54,"column":0},"end":{"line":54,"column":58}},"54":{"start":{"line":55,"column":0},"end":{"line":55,"column":15}},"55":{"start":{"line":56,"column":0},"end":{"line":56,"column":60}},"56":{"start":{"line":57,"column":0},"end":{"line":57,"column":62}},"57":{"start":{"line":58,"column":0},"end":{"line":58,"column":11}},"58":{"start":{"line":59,"column":0},"end":{"line":59,"column":40}},"59":{"start":{"line":60,"column":0},"end":{"line":60,"column":45}},"60":{"start":{"line":61,"column":0},"end":{"line":61,"column":86}},"61":{"start":{"line":62,"column":0},"end":{"line":62,"column":109}},"62":{"start":{"line":63,"column":0},"end":{"line":63,"column":109}},"63":{"start":{"line":64,"column":0},"end":{"line":64,"column":18}},"65":{"start":{"line":66,"column":0},"end":{"line":66,"column":27}},"67":{"start":{"line":68,"column":0},"end":{"line":68,"column":14}},"68":{"start":{"line":69,"column":0},"end":{"line":69,"column":82}},"69":{"start":{"line":70,"column":0},"end":{"line":70,"column":102}},"70":{"start":{"line":71,"column":0},"end":{"line":71,"column":15}},"71":{"start":{"line":72,"column":0},"end":{"line":72,"column":12}},"72":{"start":{"line":73,"column":0},"end":{"line":73,"column":17}},"74":{"start":{"line":75,"column":0},"end":{"line":75,"column":2}}},"s":{"0":1,"2":1,"3":1,"4":1,"6":9,"7":9,"8":9,"15":1,"16":0,"17":0,"18":0,"19":0,"20":0,"21":0,"22":0,"25":1,"26":3,"27":3,"29":3,"30":3,"31":3,"32":3,"33":3,"34":3,"35":3,"36":3,"38":3,"39":0,"41":3,"42":3,"43":3,"44":3,"45":3,"48":3,"49":3,"50":3,"51":3,"52":3,"53":3,"54":3,"55":0,"56":3,"57":3,"58":3,"59":0,"60":0,"61":0,"62":0,"63":0,"65":3,"67":3,"68":3,"69":3,"70":3,"71":3,"72":3,"74":3},"branchMap":{"0":{"type":"branch","line":7,"loc":{"start":{"line":7,"column":0},"end":{"line":9,"column":1}},"locations":[{"start":{"line":7,"column":0},"end":{"line":9,"column":1}}]},"1":{"type":"branch","line":26,"loc":{"start":{"line":26,"column":27},"end":{"line":75,"column":2}},"locations":[{"start":{"line":26,"column":27},"end":{"line":75,"column":2}}]},"2":{"type":"branch","line":32,"loc":{"start":{"line":32,"column":32},"end":{"line":32,"column":45}},"locations":[{"start":{"line":32,"column":32},"end":{"line":32,"column":45}}]},"3":{"type":"branch","line":39,"loc":{"start":{"line":39,"column":7},"end":{"line":40,"column":23}},"locations":[{"start":{"line":39,"column":7},"end":{"line":40,"column":23}}]},"4":{"type":"branch","line":43,"loc":{"start":{"line":43,"column":15},"end":{"line":43,"column":33}},"locations":[{"start":{"line":43,"column":15},"end":{"line":43,"column":33}}]},"5":{"type":"branch","line":55,"loc":{"start":{"line":55,"column":10},"end":{"line":56,"column":60}},"locations":[{"start":{"line":55,"column":10},"end":{"line":56,"column":60}}]},"6":{"type":"branch","line":59,"loc":{"start":{"line":59,"column":31},"end":{"line":64,"column":18}},"locations":[{"start":{"line":59,"column":31},"end":{"line":64,"column":18}}]}},"b":{"0":[9],"1":[3],"2":[0],"3":[0],"4":[0],"5":[0],"6":[0]},"fnMap":{"0":{"name":"cn","decl":{"start":{"line":7,"column":0},"end":{"line":9,"column":1}},"loc":{"start":{"line":7,"column":0},"end":{"line":9,"column":1}},"line":7},"1":{"name":"CivicIQLogo","decl":{"start":{"line":16,"column":20},"end":{"line":23,"column":8}},"loc":{"start":{"line":16,"column":20},"end":{"line":23,"column":8}},"line":16},"2":{"name":"ChatMessage","decl":{"start":{"line":26,"column":27},"end":{"line":75,"column":2}},"loc":{"start":{"line":26,"column":27},"end":{"line":75,"column":2}},"line":26}},"f":{"0":9,"1":0,"2":3}}
,"C:\\Users\\Owner\\Desktop\\CivicIQ\\civiciq\\src\\components\\chat\\ChatPanel.tsx": {"path":"C:\\Users\\Owner\\Desktop\\CivicIQ\\civiciq\\src\\components\\chat\\ChatPanel.tsx","all":false,"statementMap":{"0":{"start":{"line":1,"column":0},"end":{"line":1,"column":42}},"1":{"start":{"line":2,"column":0},"end":{"line":2,"column":56}},"2":{"start":{"line":3,"column":0},"end":{"line":3,"column":57}},"3":{"start":{"line":4,"column":0},"end":{"line":4,"column":44}},"4":{"start":{"line":5,"column":0},"end":{"line":5,"column":40}},"5":{"start":{"line":6,"column":0},"end":{"line":6,"column":53}},"6":{"start":{"line":7,"column":0},"end":{"line":7,"column":50}},"8":{"start":{"line":9,"column":0},"end":{"line":9,"column":32}},"9":{"start":{"line":10,"column":0},"end":{"line":10,"column":80}},"10":{"start":{"line":11,"column":0},"end":{"line":11,"column":77}},"11":{"start":{"line":12,"column":0},"end":{"line":12,"column":49}},"13":{"start":{"line":14,"column":0},"end":{"line":14,"column":54}},"15":{"start":{"line":16,"column":0},"end":{"line":16,"column":19}},"16":{"start":{"line":17,"column":0},"end":{"line":17,"column":28}},"17":{"start":{"line":18,"column":0},"end":{"line":18,"column":67}},"18":{"start":{"line":19,"column":0},"end":{"line":19,"column":5}},"19":{"start":{"line":20,"column":0},"end":{"line":20,"column":28}},"21":{"start":{"line":22,"column":0},"end":{"line":22,"column":19}},"22":{"start":{"line":23,"column":0},"end":{"line":23,"column":40}},"23":{"start":{"line":24,"column":0},"end":{"line":24,"column":34}},"24":{"start":{"line":25,"column":0},"end":{"line":25,"column":5}},"25":{"start":{"line":26,"column":0},"end":{"line":26,"column":15}},"27":{"start":{"line":28,"column":0},"end":{"line":28,"column":29}},"28":{"start":{"line":29,"column":0},"end":{"line":29,"column":21}},"29":{"start":{"line":30,"column":0},"end":{"line":30,"column":27}},"30":{"start":{"line":31,"column":0},"end":{"line":31,"column":4}},"32":{"start":{"line":33,"column":0},"end":{"line":33,"column":10}},"33":{"start":{"line":34,"column":0},"end":{"line":34,"column":21}},"34":{"start":{"line":35,"column":0},"end":{"line":35,"column":18}},"35":{"start":{"line":36,"column":0},"end":{"line":36,"column":19}},"36":{"start":{"line":37,"column":0},"end":{"line":37,"column":33}},"37":{"start":{"line":38,"column":0},"end":{"line":38,"column":28}},"38":{"start":{"line":39,"column":0},"end":{"line":39,"column":30}},"39":{"start":{"line":40,"column":0},"end":{"line":40,"column":70}},"40":{"start":{"line":41,"column":0},"end":{"line":41,"column":110}},"41":{"start":{"line":42,"column":0},"end":{"line":42,"column":23}},"42":{"start":{"line":43,"column":0},"end":{"line":43,"column":39}},"45":{"start":{"line":46,"column":0},"end":{"line":46,"column":109}},"46":{"start":{"line":47,"column":0},"end":{"line":47,"column":17}},"47":{"start":{"line":48,"column":0},"end":{"line":48,"column":64}},"48":{"start":{"line":49,"column":0},"end":{"line":49,"column":116}},"49":{"start":{"line":50,"column":0},"end":{"line":50,"column":18}},"50":{"start":{"line":51,"column":0},"end":{"line":51,"column":53}},"51":{"start":{"line":52,"column":0},"end":{"line":52,"column":22}},"52":{"start":{"line":53,"column":0},"end":{"line":53,"column":35}},"53":{"start":{"line":54,"column":0},"end":{"line":54,"column":127}},"54":{"start":{"line":55,"column":0},"end":{"line":55,"column":39}},"56":{"start":{"line":57,"column":0},"end":{"line":57,"column":68}},"57":{"start":{"line":58,"column":0},"end":{"line":58,"column":23}},"58":{"start":{"line":59,"column":0},"end":{"line":59,"column":22}},"59":{"start":{"line":60,"column":0},"end":{"line":60,"column":33}},"60":{"start":{"line":61,"column":0},"end":{"line":61,"column":37}},"61":{"start":{"line":62,"column":0},"end":{"line":62,"column":127}},"62":{"start":{"line":63,"column":0},"end":{"line":63,"column":39}},"64":{"start":{"line":65,"column":0},"end":{"line":65,"column":60}},"65":{"start":{"line":66,"column":0},"end":{"line":66,"column":23}},"66":{"start":{"line":67,"column":0},"end":{"line":67,"column":18}},"67":{"start":{"line":68,"column":0},"end":{"line":68,"column":16}},"70":{"start":{"line":71,"column":0},"end":{"line":71,"column":29}},"71":{"start":{"line":72,"column":0},"end":{"line":72,"column":99}},"72":{"start":{"line":73,"column":0},"end":{"line":73,"column":79}},"73":{"start":{"line":74,"column":0},"end":{"line":74,"column":59}},"74":{"start":{"line":75,"column":0},"end":{"line":75,"column":80}},"75":{"start":{"line":76,"column":0},"end":{"line":76,"column":18}},"76":{"start":{"line":77,"column":0},"end":{"line":77,"column":18}},"80":{"start":{"line":81,"column":0},"end":{"line":81,"column":15}},"81":{"start":{"line":82,"column":0},"end":{"line":82,"column":27}},"82":{"start":{"line":83,"column":0},"end":{"line":83,"column":84}},"83":{"start":{"line":84,"column":0},"end":{"line":84,"column":22}},"84":{"start":{"line":85,"column":0},"end":{"line":85,"column":30}},"86":{"start":{"line":87,"column":0},"end":{"line":87,"column":38}},"87":{"start":{"line":88,"column":0},"end":{"line":88,"column":96}},"88":{"start":{"line":89,"column":0},"end":{"line":89,"column":119}},"89":{"start":{"line":90,"column":0},"end":{"line":90,"column":53}},"90":{"start":{"line":91,"column":0},"end":{"line":91,"column":22}},"91":{"start":{"line":92,"column":0},"end":{"line":92,"column":95}},"92":{"start":{"line":93,"column":0},"end":{"line":93,"column":53}},"94":{"start":{"line":95,"column":0},"end":{"line":95,"column":20}},"95":{"start":{"line":96,"column":0},"end":{"line":96,"column":20}},"97":{"start":{"line":98,"column":0},"end":{"line":98,"column":37}},"98":{"start":{"line":99,"column":0},"end":{"line":99,"column":58}},"99":{"start":{"line":100,"column":0},"end":{"line":100,"column":16}},"102":{"start":{"line":103,"column":0},"end":{"line":103,"column":76}},"103":{"start":{"line":104,"column":0},"end":{"line":104,"column":111}},"106":{"start":{"line":107,"column":0},"end":{"line":107,"column":23}},"107":{"start":{"line":108,"column":0},"end":{"line":108,"column":117}},"108":{"start":{"line":109,"column":0},"end":{"line":109,"column":23}},"109":{"start":{"line":110,"column":0},"end":{"line":110,"column":20}},"111":{"start":{"line":112,"column":0},"end":{"line":112,"column":16}},"114":{"start":{"line":115,"column":0},"end":{"line":115,"column":41}},"115":{"start":{"line":116,"column":0},"end":{"line":116,"column":106}},"117":{"start":{"line":118,"column":0},"end":{"line":118,"column":16}},"118":{"start":{"line":119,"column":0},"end":{"line":119,"column":75}},"119":{"start":{"line":120,"column":0},"end":{"line":120,"column":16}},"120":{"start":{"line":121,"column":0},"end":{"line":121,"column":21}},"122":{"start":{"line":123,"column":0},"end":{"line":123,"column":22}},"124":{"start":{"line":125,"column":0},"end":{"line":125,"column":2}}},"s":{"0":1,"1":1,"2":1,"3":1,"4":1,"5":1,"6":1,"8":1,"9":22,"10":22,"11":22,"13":22,"15":22,"16":21,"17":21,"18":21,"19":22,"21":22,"22":20,"23":19,"24":19,"25":22,"27":22,"28":1,"29":1,"30":1,"32":22,"33":22,"34":22,"35":21,"36":21,"37":21,"38":21,"39":21,"40":21,"41":21,"42":21,"45":21,"46":21,"47":21,"48":21,"49":21,"50":21,"51":21,"52":21,"53":21,"54":21,"56":21,"57":21,"58":21,"59":21,"60":21,"61":21,"62":21,"64":21,"65":21,"66":21,"67":21,"70":21,"71":1,"72":1,"73":1,"74":1,"75":1,"76":1,"80":21,"81":21,"82":21,"83":21,"84":21,"86":21,"87":19,"88":19,"89":19,"90":19,"91":19,"92":19,"94":19,"95":19,"97":2,"98":2,"99":2,"102":21,"103":0,"106":21,"107":0,"108":0,"109":0,"111":21,"114":21,"115":21,"117":21,"118":21,"119":21,"120":21,"122":22,"124":22},"branchMap":{"0":{"type":"branch","line":9,"loc":{"start":{"line":9,"column":25},"end":{"line":125,"column":2}},"locations":[{"start":{"line":9,"column":25},"end":{"line":125,"column":2}}]},"1":{"type":"branch","line":35,"loc":{"start":{"line":35,"column":7},"end":{"line":121,"column":21}},"locations":[{"start":{"line":35,"column":7},"end":{"line":121,"column":21}}]},"2":{"type":"branch","line":71,"loc":{"start":{"line":71,"column":11},"end":{"line":77,"column":18}},"locations":[{"start":{"line":71,"column":11},"end":{"line":77,"column":18}}]},"3":{"type":"branch","line":87,"loc":{"start":{"line":87,"column":33},"end":{"line":96,"column":20}},"locations":[{"start":{"line":87,"column":33},"end":{"line":96,"column":20}}]},"4":{"type":"branch","line":96,"loc":{"start":{"line":96,"column":14},"end":{"line":100,"column":16}},"locations":[{"start":{"line":96,"column":14},"end":{"line":100,"column":16}}]},"5":{"type":"branch","line":103,"loc":{"start":{"line":103,"column":13},"end":{"line":103,"column":76}},"locations":[{"start":{"line":103,"column":13},"end":{"line":103,"column":76}}]},"6":{"type":"branch","line":103,"loc":{"start":{"line":103,"column":69},"end":{"line":104,"column":111}},"locations":[{"start":{"line":103,"column":69},"end":{"line":104,"column":111}}]},"7":{"type":"branch","line":107,"loc":{"start":{"line":107,"column":13},"end":{"line":110,"column":20}},"locations":[{"start":{"line":107,"column":13},"end":{"line":110,"column":20}}]},"8":{"type":"branch","line":16,"loc":{"start":{"line":16,"column":12},"end":{"line":20,"column":5}},"locations":[{"start":{"line":16,"column":12},"end":{"line":20,"column":5}}]},"9":{"type":"branch","line":22,"loc":{"start":{"line":22,"column":12},"end":{"line":26,"column":5}},"locations":[{"start":{"line":22,"column":12},"end":{"line":26,"column":5}}]},"10":{"type":"branch","line":23,"loc":{"start":{"line":23,"column":8},"end":{"line":23,"column":39}},"locations":[{"start":{"line":23,"column":8},"end":{"line":23,"column":39}}]},"11":{"type":"branch","line":23,"loc":{"start":{"line":23,"column":39},"end":{"line":25,"column":5}},"locations":[{"start":{"line":23,"column":39},"end":{"line":25,"column":5}}]},"12":{"type":"branch","line":28,"loc":{"start":{"line":28,"column":22},"end":{"line":31,"column":4}},"locations":[{"start":{"line":28,"column":22},"end":{"line":31,"column":4}}]},"13":{"type":"branch","line":98,"loc":{"start":{"line":98,"column":27},"end":{"line":99,"column":58}},"locations":[{"start":{"line":98,"column":27},"end":{"line":99,"column":58}}]}},"b":{"0":[22],"1":[21],"2":[1],"3":[19],"4":[2],"5":[0],"6":[0],"7":[0],"8":[21],"9":[20],"10":[19],"11":[19],"12":[1],"13":[2]},"fnMap":{"0":{"name":"ChatPanel","decl":{"start":{"line":9,"column":25},"end":{"line":125,"column":2}},"loc":{"start":{"line":9,"column":25},"end":{"line":125,"column":2}},"line":9},"1":{"name":"handleClose","decl":{"start":{"line":28,"column":22},"end":{"line":31,"column":4}},"loc":{"start":{"line":28,"column":22},"end":{"line":31,"column":4}},"line":28}},"f":{"0":22,"1":1}}
,"C:\\Users\\Owner\\Desktop\\CivicIQ\\civiciq\\src\\components\\checklist\\ChecklistItem.tsx": {"path":"C:\\Users\\Owner\\Desktop\\CivicIQ\\civiciq\\src\\components\\checklist\\ChecklistItem.tsx","all":false,"statementMap":{"0":{"start":{"line":1,"column":0},"end":{"line":1,"column":39}},"1":{"start":{"line":2,"column":0},"end":{"line":2,"column":51}},"3":{"start":{"line":4,"column":0},"end":{"line":4,"column":28}},"4":{"start":{"line":5,"column":0},"end":{"line":5,"column":41}},"5":{"start":{"line":6,"column":0},"end":{"line":6,"column":44}},"7":{"start":{"line":8,"column":0},"end":{"line":8,"column":31}},"8":{"start":{"line":9,"column":0},"end":{"line":9,"column":31}},"9":{"start":{"line":10,"column":0},"end":{"line":10,"column":1}},"16":{"start":{"line":17,"column":0},"end":{"line":17,"column":74}},"17":{"start":{"line":18,"column":0},"end":{"line":18,"column":10}},"18":{"start":{"line":19,"column":0},"end":{"line":19,"column":9}},"19":{"start":{"line":20,"column":0},"end":{"line":20,"column":20}},"20":{"start":{"line":21,"column":0},"end":{"line":21,"column":114}},"21":{"start":{"line":22,"column":0},"end":{"line":22,"column":116}},"22":{"start":{"line":23,"column":0},"end":{"line":23,"column":8}},"23":{"start":{"line":24,"column":0},"end":{"line":24,"column":39}},"26":{"start":{"line":27,"column":0},"end":{"line":27,"column":79}},"27":{"start":{"line":28,"column":0},"end":{"line":28,"column":15}},"28":{"start":{"line":29,"column":0},"end":{"line":29,"column":25}},"29":{"start":{"line":30,"column":0},"end":{"line":30,"column":33}},"30":{"start":{"line":31,"column":0},"end":{"line":31,"column":34}},"31":{"start":{"line":32,"column":0},"end":{"line":32,"column":44}},"32":{"start":{"line":33,"column":0},"end":{"line":33,"column":29}},"33":{"start":{"line":34,"column":0},"end":{"line":34,"column":39}},"34":{"start":{"line":35,"column":0},"end":{"line":35,"column":10}},"35":{"start":{"line":36,"column":0},"end":{"line":36,"column":13}},"36":{"start":{"line":37,"column":0},"end":{"line":37,"column":24}},"37":{"start":{"line":38,"column":0},"end":{"line":38,"column":90}},"38":{"start":{"line":39,"column":0},"end":{"line":39,"column":85}},"39":{"start":{"line":40,"column":0},"end":{"line":40,"column":12}},"41":{"start":{"line":42,"column":0},"end":{"line":42,"column":30}},"42":{"start":{"line":43,"column":0},"end":{"line":43,"column":23}},"43":{"start":{"line":44,"column":0},"end":{"line":44,"column":36}},"44":{"start":{"line":45,"column":0},"end":{"line":45,"column":36}},"45":{"start":{"line":46,"column":0},"end":{"line":46,"column":74}},"47":{"start":{"line":48,"column":0},"end":{"line":48,"column":70}},"48":{"start":{"line":49,"column":0},"end":{"line":49,"column":25}},"50":{"start":{"line":51,"column":0},"end":{"line":51,"column":14}},"51":{"start":{"line":52,"column":0},"end":{"line":52,"column":12}},"53":{"start":{"line":54,"column":0},"end":{"line":54,"column":33}},"54":{"start":{"line":55,"column":0},"end":{"line":55,"column":15}},"55":{"start":{"line":56,"column":0},"end":{"line":56,"column":38}},"56":{"start":{"line":57,"column":0},"end":{"line":57,"column":24}},"57":{"start":{"line":58,"column":0},"end":{"line":58,"column":73}},"58":{"start":{"line":59,"column":0},"end":{"line":59,"column":71}},"59":{"start":{"line":60,"column":0},"end":{"line":60,"column":12}},"61":{"start":{"line":62,"column":0},"end":{"line":62,"column":41}},"62":{"start":{"line":63,"column":0},"end":{"line":63,"column":16}},"63":{"start":{"line":64,"column":0},"end":{"line":64,"column":25}},"64":{"start":{"line":65,"column":0},"end":{"line":65,"column":35}},"65":{"start":{"line":66,"column":0},"end":{"line":66,"column":78}},"66":{"start":{"line":67,"column":0},"end":{"line":67,"column":11}},"67":{"start":{"line":68,"column":0},"end":{"line":68,"column":47}},"68":{"start":{"line":69,"column":0},"end":{"line":69,"column":12}},"69":{"start":{"line":70,"column":0},"end":{"line":70,"column":12}},"71":{"start":{"line":72,"column":0},"end":{"line":72,"column":21}},"72":{"start":{"line":73,"column":0},"end":{"line":73,"column":11}},"73":{"start":{"line":74,"column":0},"end":{"line":74,"column":26}},"74":{"start":{"line":75,"column":0},"end":{"line":75,"column":25}},"75":{"start":{"line":76,"column":0},"end":{"line":76,"column":35}},"76":{"start":{"line":77,"column":0},"end":{"line":77,"column":135}},"77":{"start":{"line":78,"column":0},"end":{"line":78,"column":46}},"79":{"start":{"line":80,"column":0},"end":{"line":80,"column":31}},"80":{"start":{"line":81,"column":0},"end":{"line":81,"column":46}},"81":{"start":{"line":82,"column":0},"end":{"line":82,"column":12}},"83":{"start":{"line":84,"column":0},"end":{"line":84,"column":10}},"85":{"start":{"line":86,"column":0},"end":{"line":86,"column":2}}},"s":{"0":1,"1":1,"3":1,"4":1,"5":1,"7":604,"8":604,"9":604,"16":1,"17":151,"18":151,"19":151,"20":151,"21":151,"22":151,"23":151,"26":151,"27":151,"28":151,"29":151,"30":151,"31":151,"32":151,"33":151,"34":151,"35":151,"36":151,"37":151,"38":151,"39":151,"41":151,"42":20,"43":20,"44":20,"45":20,"47":20,"48":20,"50":151,"51":151,"53":151,"54":151,"55":151,"56":151,"57":151,"58":151,"59":151,"61":151,"62":151,"63":151,"64":151,"65":151,"66":151,"67":151,"68":151,"69":151,"71":151,"72":25,"73":25,"74":25,"75":25,"76":25,"77":25,"79":25,"80":25,"81":25,"83":151,"85":151},"branchMap":{"0":{"type":"branch","line":8,"loc":{"start":{"line":8,"column":0},"end":{"line":10,"column":1}},"locations":[{"start":{"line":8,"column":0},"end":{"line":10,"column":1}}]},"1":{"type":"branch","line":17,"loc":{"start":{"line":17,"column":29},"end":{"line":86,"column":2}},"locations":[{"start":{"line":17,"column":29},"end":{"line":86,"column":2}}]},"2":{"type":"branch","line":22,"loc":{"start":{"line":22,"column":13},"end":{"line":22,"column":67}},"locations":[{"start":{"line":22,"column":13},"end":{"line":22,"column":67}}]},"3":{"type":"branch","line":22,"loc":{"start":{"line":22,"column":25},"end":{"line":22,"column":116}},"locations":[{"start":{"line":22,"column":25},"end":{"line":22,"column":116}}]},"4":{"type":"branch","line":39,"loc":{"start":{"line":39,"column":17},"end":{"line":39,"column":59}},"locations":[{"start":{"line":39,"column":17},"end":{"line":39,"column":59}}]},"5":{"type":"branch","line":39,"loc":{"start":{"line":39,"column":29},"end":{"line":39,"column":85}},"locations":[{"start":{"line":39,"column":29},"end":{"line":39,"column":85}}]},"6":{"type":"branch","line":42,"loc":{"start":{"line":42,"column":16},"end":{"line":49,"column":25}},"locations":[{"start":{"line":42,"column":16},"end":{"line":49,"column":25}}]},"7":{"type":"branch","line":59,"loc":{"start":{"line":59,"column":17},"end":{"line":59,"column":60}},"locations":[{"start":{"line":59,"column":17},"end":{"line":59,"column":60}}]},"8":{"type":"branch","line":59,"loc":{"start":{"line":59,"column":29},"end":{"line":59,"column":71}},"locations":[{"start":{"line":59,"column":29},"end":{"line":59,"column":71}}]},"9":{"type":"branch","line":66,"loc":{"start":{"line":66,"column":15},"end":{"line":66,"column":58}},"locations":[{"start":{"line":66,"column":15},"end":{"line":66,"column":58}}]},"10":{"type":"branch","line":66,"loc":{"start":{"line":66,"column":27},"end":{"line":66,"column":78}},"locations":[{"start":{"line":66,"column":27},"end":{"line":66,"column":78}}]},"11":{"type":"branch","line":72,"loc":{"start":{"line":72,"column":12},"end":{"line":82,"column":12}},"locations":[{"start":{"line":72,"column":12},"end":{"line":82,"column":12}}]},"12":{"type":"branch","line":24,"loc":{"start":{"line":24,"column":15},"end":{"line":24,"column":39}},"locations":[{"start":{"line":24,"column":15},"end":{"line":24,"column":39}}]},"13":{"type":"branch","line":32,"loc":{"start":{"line":32,"column":20},"end":{"line":32,"column":44}},"locations":[{"start":{"line":32,"column":20},"end":{"line":32,"column":44}}]}},"b":{"0":[604],"1":[151],"2":[20],"3":[131],"4":[20],"5":[131],"6":[20],"7":[20],"8":[131],"9":[20],"10":[131],"11":[25],"12":[2],"13":[2]},"fnMap":{"0":{"name":"cn","decl":{"start":{"line":8,"column":0},"end":{"line":10,"column":1}},"loc":{"start":{"line":8,"column":0},"end":{"line":10,"column":1}},"line":8},"1":{"name":"ChecklistItem","decl":{"start":{"line":17,"column":29},"end":{"line":86,"column":2}},"loc":{"start":{"line":17,"column":29},"end":{"line":86,"column":2}},"line":17},"2":{"name":"onClick","decl":{"start":{"line":24,"column":15},"end":{"line":24,"column":39}},"loc":{"start":{"line":24,"column":15},"end":{"line":24,"column":39}},"line":24},"3":{"name":"onChange","decl":{"start":{"line":32,"column":20},"end":{"line":32,"column":44}},"loc":{"start":{"line":32,"column":20},"end":{"line":32,"column":44}},"line":32},"4":{"name":"onClick","decl":{"start":{"line":78,"column":19},"end":{"line":78,"column":46}},"loc":{"start":{"line":78,"column":19},"end":{"line":78,"column":46}},"line":78}},"f":{"0":604,"1":151,"2":2,"3":2,"4":0}}
,"C:\\Users\\Owner\\Desktop\\CivicIQ\\civiciq\\src\\components\\checklist\\ProgressRing.tsx": {"path":"C:\\Users\\Owner\\Desktop\\CivicIQ\\civiciq\\src\\components\\checklist\\ProgressRing.tsx","all":false,"statementMap":{"0":{"start":{"line":1,"column":0},"end":{"line":1,"column":39}},"6":{"start":{"line":7,"column":0},"end":{"line":7,"column":68}},"7":{"start":{"line":8,"column":0},"end":{"line":8,"column":20}},"8":{"start":{"line":9,"column":0},"end":{"line":9,"column":45}},"9":{"start":{"line":10,"column":0},"end":{"line":10,"column":78}},"11":{"start":{"line":12,"column":0},"end":{"line":12,"column":36}},"12":{"start":{"line":13,"column":0},"end":{"line":13,"column":63}},"13":{"start":{"line":14,"column":0},"end":{"line":14,"column":70}},"14":{"start":{"line":15,"column":0},"end":{"line":15,"column":54}},"16":{"start":{"line":17,"column":0},"end":{"line":17,"column":10}},"17":{"start":{"line":18,"column":0},"end":{"line":18,"column":8}},"18":{"start":{"line":19,"column":0},"end":{"line":19,"column":79}},"19":{"start":{"line":20,"column":0},"end":{"line":20,"column":61}},"20":{"start":{"line":21,"column":0},"end":{"line":21,"column":24}},"21":{"start":{"line":22,"column":0},"end":{"line":22,"column":32}},"22":{"start":{"line":23,"column":0},"end":{"line":23,"column":23}},"23":{"start":{"line":24,"column":0},"end":{"line":24,"column":25}},"26":{"start":{"line":27,"column":0},"end":{"line":27,"column":70}},"27":{"start":{"line":28,"column":0},"end":{"line":28,"column":15}},"28":{"start":{"line":29,"column":0},"end":{"line":29,"column":17}},"29":{"start":{"line":30,"column":0},"end":{"line":30,"column":17}},"30":{"start":{"line":31,"column":0},"end":{"line":31,"column":20}},"31":{"start":{"line":32,"column":0},"end":{"line":32,"column":35}},"32":{"start":{"line":33,"column":0},"end":{"line":33,"column":26}},"33":{"start":{"line":34,"column":0},"end":{"line":34,"column":31}},"34":{"start":{"line":35,"column":0},"end":{"line":35,"column":28}},"35":{"start":{"line":36,"column":0},"end":{"line":36,"column":10}},"37":{"start":{"line":38,"column":0},"end":{"line":38,"column":22}},"38":{"start":{"line":39,"column":0},"end":{"line":39,"column":17}},"39":{"start":{"line":40,"column":0},"end":{"line":40,"column":17}},"40":{"start":{"line":41,"column":0},"end":{"line":41,"column":20}},"41":{"start":{"line":42,"column":0},"end":{"line":42,"column":27}},"42":{"start":{"line":43,"column":0},"end":{"line":43,"column":26}},"43":{"start":{"line":44,"column":0},"end":{"line":44,"column":31}},"44":{"start":{"line":45,"column":0},"end":{"line":45,"column":28}},"45":{"start":{"line":46,"column":0},"end":{"line":46,"column":31}},"46":{"start":{"line":47,"column":0},"end":{"line":47,"column":55}},"47":{"start":{"line":48,"column":0},"end":{"line":48,"column":40}},"48":{"start":{"line":49,"column":0},"end":{"line":49,"column":55}},"49":{"start":{"line":50,"column":0},"end":{"line":50,"column":52}},"50":{"start":{"line":51,"column":0},"end":{"line":51,"column":10}},"51":{"start":{"line":52,"column":0},"end":{"line":52,"column":12}},"53":{"start":{"line":54,"column":0},"end":{"line":54,"column":82}},"54":{"start":{"line":55,"column":0},"end":{"line":55,"column":21}},"55":{"start":{"line":56,"column":0},"end":{"line":56,"column":26}},"56":{"start":{"line":57,"column":0},"end":{"line":57,"column":46}},"57":{"start":{"line":58,"column":0},"end":{"line":58,"column":44}},"58":{"start":{"line":59,"column":0},"end":{"line":59,"column":60}},"60":{"start":{"line":61,"column":0},"end":{"line":61,"column":23}},"61":{"start":{"line":62,"column":0},"end":{"line":62,"column":22}},"62":{"start":{"line":63,"column":0},"end":{"line":63,"column":12}},"63":{"start":{"line":64,"column":0},"end":{"line":64,"column":10}},"65":{"start":{"line":66,"column":0},"end":{"line":66,"column":2}}},"s":{"0":1,"6":1,"7":25,"8":25,"9":25,"11":25,"12":25,"13":23,"14":22,"16":25,"17":25,"18":25,"19":25,"20":25,"21":25,"22":25,"23":25,"26":25,"27":25,"28":25,"29":25,"30":25,"31":25,"32":25,"33":25,"34":25,"35":25,"37":25,"38":25,"39":25,"40":25,"41":25,"42":25,"43":25,"44":25,"45":25,"46":25,"47":25,"48":25,"49":25,"50":25,"51":25,"53":25,"54":25,"55":25,"56":25,"57":25,"58":25,"60":25,"61":25,"62":25,"63":25,"65":25},"branchMap":{"0":{"type":"branch","line":7,"loc":{"start":{"line":7,"column":28},"end":{"line":66,"column":2}},"locations":[{"start":{"line":7,"column":28},"end":{"line":66,"column":2}}]},"1":{"type":"branch","line":13,"loc":{"start":{"line":13,"column":19},"end":{"line":13,"column":41}},"locations":[{"start":{"line":13,"column":19},"end":{"line":13,"column":41}}]},"2":{"type":"branch","line":13,"loc":{"start":{"line":13,"column":41},"end":{"line":13,"column":63}},"locations":[{"start":{"line":13,"column":41},"end":{"line":13,"column":63}}]},"3":{"type":"branch","line":13,"loc":{"start":{"line":13,"column":49},"end":{"line":15,"column":54}},"locations":[{"start":{"line":13,"column":49},"end":{"line":15,"column":54}}]},"4":{"type":"branch","line":14,"loc":{"start":{"line":14,"column":25},"end":{"line":14,"column":49}},"locations":[{"start":{"line":14,"column":25},"end":{"line":14,"column":49}}]},"5":{"type":"branch","line":14,"loc":{"start":{"line":14,"column":49},"end":{"line":14,"column":70}},"locations":[{"start":{"line":14,"column":49},"end":{"line":14,"column":70}}]},"6":{"type":"branch","line":14,"loc":{"start":{"line":14,"column":57},"end":{"line":15,"column":54}},"locations":[{"start":{"line":14,"column":57},"end":{"line":15,"column":54}}]},"7":{"type":"branch","line":15,"loc":{"start":{"line":15,"column":31},"end":{"line":15,"column":54}},"locations":[{"start":{"line":15,"column":31},"end":{"line":15,"column":54}}]}},"b":{"0":[25],"1":[7],"2":[2],"3":[23],"4":[5],"5":[1],"6":[22],"7":[4]},"fnMap":{"0":{"name":"ProgressRing","decl":{"start":{"line":7,"column":28},"end":{"line":66,"column":2}},"loc":{"start":{"line":7,"column":28},"end":{"line":66,"column":2}},"line":7}},"f":{"0":25}}
,"C:\\Users\\Owner\\Desktop\\CivicIQ\\civiciq\\src\\components\\layout\\Navbar.tsx": {"path":"C:\\Users\\Owner\\Desktop\\CivicIQ\\civiciq\\src\\components\\layout\\Navbar.tsx","all":false,"statementMap":{"0":{"start":{"line":1,"column":0},"end":{"line":1,"column":33}},"1":{"start":{"line":2,"column":0},"end":{"line":2,"column":53}},"2":{"start":{"line":3,"column":0},"end":{"line":3,"column":56}},"3":{"start":{"line":4,"column":0},"end":{"line":4,"column":93}},"4":{"start":{"line":5,"column":0},"end":{"line":5,"column":46}},"5":{"start":{"line":6,"column":0},"end":{"line":6,"column":53}},"6":{"start":{"line":7,"column":0},"end":{"line":7,"column":58}},"7":{"start":{"line":8,"column":0},"end":{"line":8,"column":45}},"8":{"start":{"line":9,"column":0},"end":{"line":9,"column":41}},"10":{"start":{"line":11,"column":0},"end":{"line":11,"column":38}},"11":{"start":{"line":12,"column":0},"end":{"line":12,"column":31}},"12":{"start":{"line":13,"column":0},"end":{"line":13,"column":1}},"14":{"start":{"line":15,"column":0},"end":{"line":15,"column":20}},"15":{"start":{"line":16,"column":0},"end":{"line":16,"column":120}},"16":{"start":{"line":17,"column":0},"end":{"line":17,"column":219}},"17":{"start":{"line":18,"column":0},"end":{"line":18,"column":108}},"18":{"start":{"line":19,"column":0},"end":{"line":19,"column":110}},"19":{"start":{"line":20,"column":0},"end":{"line":20,"column":83}},"20":{"start":{"line":21,"column":0},"end":{"line":21,"column":150}},"21":{"start":{"line":22,"column":0},"end":{"line":22,"column":8}},"24":{"start":{"line":25,"column":0},"end":{"line":25,"column":29}},"25":{"start":{"line":26,"column":0},"end":{"line":26,"column":73}},"26":{"start":{"line":27,"column":0},"end":{"line":27,"column":39}},"27":{"start":{"line":28,"column":0},"end":{"line":28,"column":66}},"28":{"start":{"line":29,"column":0},"end":{"line":29,"column":60}},"29":{"start":{"line":30,"column":0},"end":{"line":30,"column":33}},"31":{"start":{"line":32,"column":0},"end":{"line":32,"column":10}},"32":{"start":{"line":33,"column":0},"end":{"line":33,"column":15}},"33":{"start":{"line":34,"column":0},"end":{"line":34,"column":27}},"34":{"start":{"line":35,"column":0},"end":{"line":35,"column":24}},"35":{"start":{"line":36,"column":0},"end":{"line":36,"column":53}},"36":{"start":{"line":37,"column":0},"end":{"line":37,"column":34}},"38":{"start":{"line":39,"column":0},"end":{"line":39,"column":62}},"39":{"start":{"line":40,"column":0},"end":{"line":40,"column":64}},"41":{"start":{"line":42,"column":0},"end":{"line":42,"column":124}},"42":{"start":{"line":43,"column":0},"end":{"line":43,"column":20}},"43":{"start":{"line":44,"column":0},"end":{"line":44,"column":98}},"44":{"start":{"line":45,"column":0},"end":{"line":45,"column":17}},"47":{"start":{"line":48,"column":0},"end":{"line":48,"column":61}},"48":{"start":{"line":49,"column":0},"end":{"line":49,"column":32}},"49":{"start":{"line":50,"column":0},"end":{"line":50,"column":121}},"50":{"start":{"line":51,"column":0},"end":{"line":51,"column":123}},"51":{"start":{"line":52,"column":0},"end":{"line":52,"column":20}},"52":{"start":{"line":53,"column":0},"end":{"line":53,"column":45}},"53":{"start":{"line":54,"column":0},"end":{"line":54,"column":136}},"55":{"start":{"line":56,"column":0},"end":{"line":56,"column":51}},"57":{"start":{"line":58,"column":0},"end":{"line":58,"column":21}},"59":{"start":{"line":60,"column":0},"end":{"line":60,"column":32}},"60":{"start":{"line":61,"column":0},"end":{"line":61,"column":40}},"61":{"start":{"line":62,"column":0},"end":{"line":62,"column":23}},"62":{"start":{"line":63,"column":0},"end":{"line":63,"column":66}},"63":{"start":{"line":64,"column":0},"end":{"line":64,"column":47}},"64":{"start":{"line":65,"column":0},"end":{"line":65,"column":40}},"65":{"start":{"line":66,"column":0},"end":{"line":66,"column":170}},"67":{"start":{"line":68,"column":0},"end":{"line":68,"column":115}},"68":{"start":{"line":69,"column":0},"end":{"line":69,"column":89}},"69":{"start":{"line":70,"column":0},"end":{"line":70,"column":130}},"70":{"start":{"line":71,"column":0},"end":{"line":71,"column":25}},"72":{"start":{"line":73,"column":0},"end":{"line":73,"column":33}},"73":{"start":{"line":74,"column":0},"end":{"line":74,"column":37}},"74":{"start":{"line":75,"column":0},"end":{"line":75,"column":31}},"75":{"start":{"line":76,"column":0},"end":{"line":76,"column":53}},"76":{"start":{"line":77,"column":0},"end":{"line":77,"column":52}},"77":{"start":{"line":78,"column":0},"end":{"line":78,"column":50}},"78":{"start":{"line":79,"column":0},"end":{"line":79,"column":129}},"80":{"start":{"line":81,"column":0},"end":{"line":81,"column":134}},"81":{"start":{"line":82,"column":0},"end":{"line":82,"column":64}},"82":{"start":{"line":83,"column":0},"end":{"line":83,"column":31}},"83":{"start":{"line":84,"column":0},"end":{"line":84,"column":30}},"84":{"start":{"line":85,"column":0},"end":{"line":85,"column":49}},"85":{"start":{"line":86,"column":0},"end":{"line":86,"column":147}},"87":{"start":{"line":88,"column":0},"end":{"line":88,"column":63}},"88":{"start":{"line":89,"column":0},"end":{"line":89,"column":31}},"89":{"start":{"line":90,"column":0},"end":{"line":90,"column":33}},"91":{"start":{"line":92,"column":0},"end":{"line":92,"column":34}},"92":{"start":{"line":93,"column":0},"end":{"line":93,"column":20}},"94":{"start":{"line":95,"column":0},"end":{"line":95,"column":21}},"95":{"start":{"line":96,"column":0},"end":{"line":96,"column":50}},"96":{"start":{"line":97,"column":0},"end":{"line":97,"column":173}},"97":{"start":{"line":98,"column":0},"end":{"line":98,"column":15}},"99":{"start":{"line":100,"column":0},"end":{"line":100,"column":23}},"101":{"start":{"line":102,"column":0},"end":{"line":102,"column":16}},"104":{"start":{"line":105,"column":0},"end":{"line":105,"column":55}},"105":{"start":{"line":106,"column":0},"end":{"line":106,"column":19}},"106":{"start":{"line":107,"column":0},"end":{"line":107,"column":68}},"107":{"start":{"line":108,"column":0},"end":{"line":108,"column":46}},"108":{"start":{"line":109,"column":0},"end":{"line":109,"column":100}},"110":{"start":{"line":111,"column":0},"end":{"line":111,"column":51}},"111":{"start":{"line":112,"column":0},"end":{"line":112,"column":21}},"112":{"start":{"line":113,"column":0},"end":{"line":113,"column":16}},"113":{"start":{"line":114,"column":0},"end":{"line":114,"column":14}},"114":{"start":{"line":115,"column":0},"end":{"line":115,"column":12}},"117":{"start":{"line":118,"column":0},"end":{"line":118,"column":23}},"118":{"start":{"line":119,"column":0},"end":{"line":119,"column":30}},"119":{"start":{"line":120,"column":0},"end":{"line":120,"column":21}},"120":{"start":{"line":121,"column":0},"end":{"line":121,"column":47}},"121":{"start":{"line":122,"column":0},"end":{"line":122,"column":52}},"122":{"start":{"line":123,"column":0},"end":{"line":123,"column":44}},"123":{"start":{"line":124,"column":0},"end":{"line":124,"column":82}},"125":{"start":{"line":126,"column":0},"end":{"line":126,"column":54}},"126":{"start":{"line":127,"column":0},"end":{"line":127,"column":20}},"127":{"start":{"line":128,"column":0},"end":{"line":128,"column":31}},"128":{"start":{"line":129,"column":0},"end":{"line":129,"column":60}},"129":{"start":{"line":130,"column":0},"end":{"line":130,"column":58}},"130":{"start":{"line":131,"column":0},"end":{"line":131,"column":15}},"132":{"start":{"line":133,"column":0},"end":{"line":133,"column":21}},"133":{"start":{"line":134,"column":0},"end":{"line":134,"column":20}},"134":{"start":{"line":135,"column":0},"end":{"line":135,"column":32}},"135":{"start":{"line":136,"column":0},"end":{"line":136,"column":60}},"136":{"start":{"line":137,"column":0},"end":{"line":137,"column":58}},"137":{"start":{"line":138,"column":0},"end":{"line":138,"column":15}},"139":{"start":{"line":140,"column":0},"end":{"line":140,"column":21}},"140":{"start":{"line":141,"column":0},"end":{"line":141,"column":22}},"141":{"start":{"line":142,"column":0},"end":{"line":142,"column":80}},"142":{"start":{"line":143,"column":0},"end":{"line":143,"column":108}},"144":{"start":{"line":145,"column":0},"end":{"line":145,"column":53}},"146":{"start":{"line":147,"column":0},"end":{"line":147,"column":23}},"147":{"start":{"line":148,"column":0},"end":{"line":148,"column":61}},"148":{"start":{"line":149,"column":0},"end":{"line":149,"column":36}},"149":{"start":{"line":150,"column":0},"end":{"line":150,"column":55}},"150":{"start":{"line":151,"column":0},"end":{"line":151,"column":72}},"151":{"start":{"line":152,"column":0},"end":{"line":152,"column":98}},"152":{"start":{"line":153,"column":0},"end":{"line":153,"column":86}},"153":{"start":{"line":154,"column":0},"end":{"line":154,"column":26}},"154":{"start":{"line":155,"column":0},"end":{"line":155,"column":28}},"155":{"start":{"line":156,"column":0},"end":{"line":156,"column":80}},"156":{"start":{"line":157,"column":0},"end":{"line":157,"column":66}},"157":{"start":{"line":158,"column":0},"end":{"line":158,"column":21}},"159":{"start":{"line":160,"column":0},"end":{"line":160,"column":29}},"160":{"start":{"line":161,"column":0},"end":{"line":161,"column":24}},"162":{"start":{"line":163,"column":0},"end":{"line":163,"column":25}},"163":{"start":{"line":164,"column":0},"end":{"line":164,"column":87}},"164":{"start":{"line":165,"column":0},"end":{"line":165,"column":97}},"165":{"start":{"line":166,"column":0},"end":{"line":166,"column":19}},"167":{"start":{"line":168,"column":0},"end":{"line":168,"column":27}},"169":{"start":{"line":170,"column":0},"end":{"line":170,"column":20}},"170":{"start":{"line":171,"column":0},"end":{"line":171,"column":18}},"171":{"start":{"line":172,"column":0},"end":{"line":172,"column":23}},"173":{"start":{"line":174,"column":0},"end":{"line":174,"column":24}},"174":{"start":{"line":175,"column":0},"end":{"line":175,"column":17}},"176":{"start":{"line":177,"column":0},"end":{"line":177,"column":2}}},"s":{"0":1,"1":1,"2":1,"3":1,"4":1,"5":1,"6":1,"7":1,"8":1,"10":6,"11":6,"12":6,"14":1,"15":16,"16":16,"17":16,"18":16,"19":16,"20":16,"21":16,"24":1,"25":16,"26":16,"27":16,"28":16,"29":16,"31":16,"32":16,"33":16,"34":16,"35":16,"36":16,"38":16,"39":16,"41":16,"42":16,"43":16,"44":16,"47":16,"48":16,"49":16,"50":16,"51":16,"52":16,"53":16,"55":16,"57":16,"59":16,"60":6,"61":6,"62":6,"63":6,"64":6,"65":6,"67":6,"68":6,"69":6,"70":6,"72":6,"73":6,"74":2,"75":2,"76":2,"77":2,"78":2,"80":2,"81":2,"82":2,"83":2,"84":2,"85":2,"87":2,"88":2,"89":2,"91":6,"92":6,"94":10,"95":10,"96":10,"97":10,"99":10,"101":16,"104":16,"105":16,"106":16,"107":16,"108":16,"110":16,"111":16,"112":16,"113":16,"114":16,"117":16,"118":16,"119":0,"120":0,"121":0,"122":0,"123":0,"125":0,"126":0,"127":0,"128":0,"129":0,"130":0,"132":0,"133":0,"134":0,"135":0,"136":0,"137":0,"139":0,"140":0,"141":0,"142":0,"144":0,"146":0,"147":0,"148":0,"149":0,"150":0,"151":0,"152":0,"153":0,"154":0,"155":0,"156":0,"157":0,"159":0,"160":0,"162":0,"163":0,"164":0,"165":0,"167":0,"169":0,"170":0,"171":0,"173":16,"174":16,"176":16},"branchMap":{"0":{"type":"branch","line":11,"loc":{"start":{"line":11,"column":0},"end":{"line":13,"column":1}},"locations":[{"start":{"line":11,"column":0},"end":{"line":13,"column":1}}]},"1":{"type":"branch","line":15,"loc":{"start":{"line":15,"column":13},"end":{"line":22,"column":8}},"locations":[{"start":{"line":15,"column":13},"end":{"line":22,"column":8}}]},"2":{"type":"branch","line":25,"loc":{"start":{"line":25,"column":22},"end":{"line":177,"column":2}},"locations":[{"start":{"line":25,"column":22},"end":{"line":177,"column":2}}]},"3":{"type":"branch","line":60,"loc":{"start":{"line":60,"column":13},"end":{"line":93,"column":20}},"locations":[{"start":{"line":60,"column":13},"end":{"line":93,"column":20}}]},"4":{"type":"branch","line":68,"loc":{"start":{"line":68,"column":34},"end":{"line":68,"column":50}},"locations":[{"start":{"line":68,"column":34},"end":{"line":68,"column":50}}]},"5":{"type":"branch","line":70,"loc":{"start":{"line":70,"column":96},"end":{"line":70,"column":125}},"locations":[{"start":{"line":70,"column":96},"end":{"line":70,"column":125}}]},"6":{"type":"branch","line":74,"loc":{"start":{"line":74,"column":19},"end":{"line":90,"column":33}},"locations":[{"start":{"line":74,"column":19},"end":{"line":90,"column":33}}]},"7":{"type":"branch","line":93,"loc":{"start":{"line":93,"column":14},"end":{"line":100,"column":23}},"locations":[{"start":{"line":93,"column":14},"end":{"line":100,"column":23}}]},"8":{"type":"branch","line":111,"loc":{"start":{"line":111,"column":15},"end":{"line":111,"column":42}},"locations":[{"start":{"line":111,"column":15},"end":{"line":111,"column":42}}]},"9":{"type":"branch","line":119,"loc":{"start":{"line":119,"column":9},"end":{"line":172,"column":23}},"locations":[{"start":{"line":119,"column":9},"end":{"line":172,"column":23}}]},"10":{"type":"branch","line":63,"loc":{"start":{"line":63,"column":27},"end":{"line":63,"column":66}},"locations":[{"start":{"line":63,"column":27},"end":{"line":63,"column":66}}]},"11":{"type":"branch","line":85,"loc":{"start":{"line":85,"column":33},"end":{"line":85,"column":49}},"locations":[{"start":{"line":85,"column":33},"end":{"line":85,"column":49}}]},"12":{"type":"branch","line":96,"loc":{"start":{"line":96,"column":25},"end":{"line":96,"column":50}},"locations":[{"start":{"line":96,"column":25},"end":{"line":96,"column":50}}]}},"b":{"0":[6],"1":[16],"2":[16],"3":[6],"4":[4],"5":[2],"6":[2],"7":[10],"8":[0],"9":[0],"10":[2],"11":[1],"12":[1]},"fnMap":{"0":{"name":"cn","decl":{"start":{"line":11,"column":0},"end":{"line":13,"column":1}},"loc":{"start":{"line":11,"column":0},"end":{"line":13,"column":1}},"line":11},"1":{"name":"Logo","decl":{"start":{"line":15,"column":13},"end":{"line":22,"column":8}},"loc":{"start":{"line":15,"column":13},"end":{"line":22,"column":8}},"line":15},"2":{"name":"Navbar","decl":{"start":{"line":25,"column":22},"end":{"line":177,"column":2}},"loc":{"start":{"line":25,"column":22},"end":{"line":177,"column":2}},"line":25},"3":{"name":"onClick","decl":{"start":{"line":53,"column":23},"end":{"line":53,"column":45}},"loc":{"start":{"line":53,"column":23},"end":{"line":53,"column":45}},"line":53},"4":{"name":"onClick","decl":{"start":{"line":63,"column":27},"end":{"line":63,"column":66}},"loc":{"start":{"line":63,"column":27},"end":{"line":63,"column":66}},"line":63},"5":{"name":"onClick","decl":{"start":{"line":85,"column":33},"end":{"line":85,"column":49}},"loc":{"start":{"line":85,"column":33},"end":{"line":85,"column":49}},"line":85},"6":{"name":"onClick","decl":{"start":{"line":96,"column":25},"end":{"line":96,"column":50}},"loc":{"start":{"line":96,"column":25},"end":{"line":96,"column":50}},"line":96},"7":{"name":"onClick","decl":{"start":{"line":107,"column":23},"end":{"line":107,"column":68}},"loc":{"start":{"line":107,"column":23},"end":{"line":107,"column":68}},"line":107},"8":{"name":"onClick","decl":{"start":{"line":130,"column":25},"end":{"line":130,"column":58}},"loc":{"start":{"line":130,"column":25},"end":{"line":130,"column":58}},"line":130},"9":{"name":"onClick","decl":{"start":{"line":137,"column":25},"end":{"line":137,"column":58}},"loc":{"start":{"line":137,"column":25},"end":{"line":137,"column":58}},"line":137},"10":{"name":"onClick","decl":{"start":{"line":142,"column":25},"end":{"line":142,"column":80}},"loc":{"start":{"line":142,"column":25},"end":{"line":142,"column":80}},"line":142},"11":{"name":"onClick","decl":{"start":{"line":156,"column":31},"end":{"line":156,"column":80}},"loc":{"start":{"line":156,"column":31},"end":{"line":156,"column":80}},"line":156},"12":{"name":"onClick","decl":{"start":{"line":164,"column":29},"end":{"line":164,"column":87}},"loc":{"start":{"line":164,"column":29},"end":{"line":164,"column":87}},"line":164}},"f":{"0":6,"1":16,"2":16,"3":0,"4":2,"5":1,"6":1,"7":0,"8":0,"9":0,"10":0,"11":0,"12":0}}
,"C:\\Users\\Owner\\Desktop\\CivicIQ\\civiciq\\src\\components\\timeline\\PhaseDetail.tsx": {"path":"C:\\Users\\Owner\\Desktop\\CivicIQ\\civiciq\\src\\components\\timeline\\PhaseDetail.tsx","all":false,"statementMap":{"0":{"start":{"line":1,"column":0},"end":{"line":1,"column":56}},"1":{"start":{"line":2,"column":0},"end":{"line":2,"column":9}},"18":{"start":{"line":19,"column":0},"end":{"line":19,"column":38}},"19":{"start":{"line":20,"column":0},"end":{"line":20,"column":17}},"20":{"start":{"line":21,"column":0},"end":{"line":21,"column":13}},"21":{"start":{"line":22,"column":0},"end":{"line":22,"column":17}},"22":{"start":{"line":23,"column":0},"end":{"line":23,"column":13}},"23":{"start":{"line":24,"column":0},"end":{"line":24,"column":17}},"24":{"start":{"line":25,"column":0},"end":{"line":25,"column":14}},"25":{"start":{"line":26,"column":0},"end":{"line":26,"column":2}},"27":{"start":{"line":28,"column":0},"end":{"line":28,"column":75}},"28":{"start":{"line":29,"column":0},"end":{"line":29,"column":46}},"30":{"start":{"line":31,"column":0},"end":{"line":31,"column":10}},"31":{"start":{"line":32,"column":0},"end":{"line":32,"column":33}},"32":{"start":{"line":33,"column":0},"end":{"line":33,"column":17}},"33":{"start":{"line":34,"column":0},"end":{"line":34,"column":22}},"34":{"start":{"line":35,"column":0},"end":{"line":35,"column":39}},"35":{"start":{"line":36,"column":0},"end":{"line":36,"column":38}},"36":{"start":{"line":37,"column":0},"end":{"line":37,"column":37}},"37":{"start":{"line":38,"column":0},"end":{"line":38,"column":109}},"39":{"start":{"line":40,"column":0},"end":{"line":40,"column":72}},"40":{"start":{"line":41,"column":0},"end":{"line":41,"column":56}},"41":{"start":{"line":42,"column":0},"end":{"line":42,"column":109}},"42":{"start":{"line":43,"column":0},"end":{"line":43,"column":42}},"43":{"start":{"line":44,"column":0},"end":{"line":44,"column":18}},"44":{"start":{"line":45,"column":0},"end":{"line":45,"column":17}},"45":{"start":{"line":46,"column":0},"end":{"line":46,"column":76}},"46":{"start":{"line":47,"column":0},"end":{"line":47,"column":77}},"47":{"start":{"line":48,"column":0},"end":{"line":48,"column":18}},"48":{"start":{"line":49,"column":0},"end":{"line":49,"column":16}},"50":{"start":{"line":51,"column":0},"end":{"line":51,"column":73}},"51":{"start":{"line":52,"column":0},"end":{"line":52,"column":31}},"52":{"start":{"line":53,"column":0},"end":{"line":53,"column":14}},"54":{"start":{"line":55,"column":0},"end":{"line":55,"column":37}},"56":{"start":{"line":57,"column":0},"end":{"line":57,"column":17}},"57":{"start":{"line":58,"column":0},"end":{"line":58,"column":108}},"58":{"start":{"line":59,"column":0},"end":{"line":59,"column":52}},"59":{"start":{"line":60,"column":0},"end":{"line":60,"column":54}},"60":{"start":{"line":61,"column":0},"end":{"line":61,"column":109}},"61":{"start":{"line":62,"column":0},"end":{"line":62,"column":27}},"62":{"start":{"line":63,"column":0},"end":{"line":63,"column":25}},"63":{"start":{"line":64,"column":0},"end":{"line":64,"column":19}},"64":{"start":{"line":65,"column":0},"end":{"line":65,"column":20}},"65":{"start":{"line":66,"column":0},"end":{"line":66,"column":18}},"68":{"start":{"line":69,"column":0},"end":{"line":69,"column":17}},"69":{"start":{"line":70,"column":0},"end":{"line":70,"column":117}},"70":{"start":{"line":71,"column":0},"end":{"line":71,"column":40}},"71":{"start":{"line":72,"column":0},"end":{"line":72,"column":49}},"72":{"start":{"line":73,"column":0},"end":{"line":73,"column":55}},"73":{"start":{"line":74,"column":0},"end":{"line":74,"column":145}},"74":{"start":{"line":75,"column":0},"end":{"line":75,"column":31}},"75":{"start":{"line":76,"column":0},"end":{"line":76,"column":27}},"76":{"start":{"line":77,"column":0},"end":{"line":77,"column":70}},"77":{"start":{"line":78,"column":0},"end":{"line":78,"column":23}},"78":{"start":{"line":79,"column":0},"end":{"line":79,"column":19}},"79":{"start":{"line":80,"column":0},"end":{"line":80,"column":19}},"80":{"start":{"line":81,"column":0},"end":{"line":81,"column":18}},"83":{"start":{"line":84,"column":0},"end":{"line":84,"column":79}},"84":{"start":{"line":85,"column":0},"end":{"line":85,"column":69}},"85":{"start":{"line":86,"column":0},"end":{"line":86,"column":39}},"86":{"start":{"line":87,"column":0},"end":{"line":87,"column":86}},"87":{"start":{"line":88,"column":0},"end":{"line":88,"column":50}},"89":{"start":{"line":90,"column":0},"end":{"line":90,"column":20}},"90":{"start":{"line":91,"column":0},"end":{"line":91,"column":20}},"91":{"start":{"line":92,"column":0},"end":{"line":92,"column":18}},"92":{"start":{"line":93,"column":0},"end":{"line":93,"column":16}},"93":{"start":{"line":94,"column":0},"end":{"line":94,"column":14}},"96":{"start":{"line":97,"column":0},"end":{"line":97,"column":65}},"97":{"start":{"line":98,"column":0},"end":{"line":98,"column":17}},"98":{"start":{"line":99,"column":0},"end":{"line":99,"column":52}},"99":{"start":{"line":100,"column":0},"end":{"line":100,"column":164}},"101":{"start":{"line":102,"column":0},"end":{"line":102,"column":49}},"103":{"start":{"line":104,"column":0},"end":{"line":104,"column":19}},"104":{"start":{"line":105,"column":0},"end":{"line":105,"column":14}},"105":{"start":{"line":106,"column":0},"end":{"line":106,"column":19}},"106":{"start":{"line":107,"column":0},"end":{"line":107,"column":22}},"108":{"start":{"line":109,"column":0},"end":{"line":109,"column":2}}},"s":{"0":1,"1":1,"18":1,"19":1,"20":1,"21":1,"22":1,"23":1,"24":1,"25":1,"27":1,"28":26,"30":26,"31":26,"32":26,"33":26,"34":26,"35":26,"36":26,"37":26,"39":26,"40":26,"41":26,"42":26,"43":26,"44":26,"45":26,"46":26,"47":26,"48":26,"50":26,"51":26,"52":26,"54":26,"56":26,"57":26,"58":26,"59":26,"60":104,"61":104,"62":104,"63":26,"64":26,"65":26,"68":26,"69":26,"70":26,"71":26,"72":130,"73":130,"74":130,"75":130,"76":130,"77":130,"78":26,"79":26,"80":26,"83":26,"84":26,"85":26,"86":26,"87":26,"89":26,"90":26,"91":26,"92":26,"93":26,"96":26,"97":26,"98":26,"99":26,"101":26,"103":26,"104":26,"105":26,"106":26,"108":26},"branchMap":{"0":{"type":"branch","line":28,"loc":{"start":{"line":28,"column":27},"end":{"line":109,"column":2}},"locations":[{"start":{"line":28,"column":27},"end":{"line":109,"column":2}}]},"1":{"type":"branch","line":29,"loc":{"start":{"line":29,"column":31},"end":{"line":29,"column":46}},"locations":[{"start":{"line":29,"column":31},"end":{"line":29,"column":46}}]},"2":{"type":"branch","line":60,"loc":{"start":{"line":60,"column":37},"end":{"line":63,"column":25}},"locations":[{"start":{"line":60,"column":37},"end":{"line":63,"column":25}}]},"3":{"type":"branch","line":72,"loc":{"start":{"line":72,"column":33},"end":{"line":78,"column":23}},"locations":[{"start":{"line":72,"column":33},"end":{"line":78,"column":23}}]},"4":{"type":"branch","line":99,"loc":{"start":{"line":99,"column":21},"end":{"line":99,"column":52}},"locations":[{"start":{"line":99,"column":21},"end":{"line":99,"column":52}}]}},"b":{"0":[26],"1":[0],"2":[104],"3":[130],"4":[3]},"fnMap":{"0":{"name":"PhaseDetail","decl":{"start":{"line":28,"column":27},"end":{"line":109,"column":2}},"loc":{"start":{"line":28,"column":27},"end":{"line":109,"column":2}},"line":28},"1":{"name":"onClick","decl":{"start":{"line":99,"column":21},"end":{"line":99,"column":52}},"loc":{"start":{"line":99,"column":21},"end":{"line":99,"column":52}},"line":99}},"f":{"0":26,"1":3}}
,"C:\\Users\\Owner\\Desktop\\CivicIQ\\civiciq\\src\\components\\timeline\\TimelineNode.tsx": {"path":"C:\\Users\\Owner\\Desktop\\CivicIQ\\civiciq\\src\\components\\timeline\\TimelineNode.tsx","all":false,"statementMap":{"0":{"start":{"line":1,"column":0},"end":{"line":1,"column":39}},"1":{"start":{"line":2,"column":0},"end":{"line":2,"column":37}},"3":{"start":{"line":4,"column":0},"end":{"line":4,"column":45}},"4":{"start":{"line":5,"column":0},"end":{"line":5,"column":41}},"6":{"start":{"line":7,"column":0},"end":{"line":7,"column":38}},"7":{"start":{"line":8,"column":0},"end":{"line":8,"column":31}},"8":{"start":{"line":9,"column":0},"end":{"line":9,"column":1}},"19":{"start":{"line":20,"column":0},"end":{"line":20,"column":113}},"20":{"start":{"line":21,"column":0},"end":{"line":21,"column":10}},"21":{"start":{"line":22,"column":0},"end":{"line":22,"column":9}},"22":{"start":{"line":23,"column":0},"end":{"line":23,"column":29}},"23":{"start":{"line":24,"column":0},"end":{"line":24,"column":59}},"24":{"start":{"line":25,"column":0},"end":{"line":25,"column":21}},"25":{"start":{"line":26,"column":0},"end":{"line":26,"column":18}},"26":{"start":{"line":27,"column":0},"end":{"line":27,"column":39}},"27":{"start":{"line":28,"column":0},"end":{"line":28,"column":25}},"28":{"start":{"line":29,"column":0},"end":{"line":29,"column":49}},"29":{"start":{"line":30,"column":0},"end":{"line":30,"column":29}},"30":{"start":{"line":31,"column":0},"end":{"line":31,"column":28}},"31":{"start":{"line":32,"column":0},"end":{"line":32,"column":9}},"32":{"start":{"line":33,"column":0},"end":{"line":33,"column":36}},"33":{"start":{"line":34,"column":0},"end":{"line":34,"column":8}},"34":{"start":{"line":35,"column":0},"end":{"line":35,"column":118}},"35":{"start":{"line":36,"column":0},"end":{"line":36,"column":50}},"38":{"start":{"line":39,"column":0},"end":{"line":39,"column":93}},"41":{"start":{"line":42,"column":0},"end":{"line":42,"column":17}},"42":{"start":{"line":43,"column":0},"end":{"line":43,"column":35}},"43":{"start":{"line":44,"column":0},"end":{"line":44,"column":22}},"44":{"start":{"line":45,"column":0},"end":{"line":45,"column":119}},"45":{"start":{"line":46,"column":0},"end":{"line":46,"column":22}},"46":{"start":{"line":47,"column":0},"end":{"line":47,"column":53}},"47":{"start":{"line":48,"column":0},"end":{"line":48,"column":23}},"48":{"start":{"line":49,"column":0},"end":{"line":49,"column":53}},"49":{"start":{"line":50,"column":0},"end":{"line":50,"column":56}},"50":{"start":{"line":51,"column":0},"end":{"line":51,"column":10}},"52":{"start":{"line":53,"column":0},"end":{"line":53,"column":24}},"53":{"start":{"line":54,"column":0},"end":{"line":54,"column":39}},"54":{"start":{"line":55,"column":0},"end":{"line":55,"column":24}},"55":{"start":{"line":56,"column":0},"end":{"line":56,"column":12}},"56":{"start":{"line":57,"column":0},"end":{"line":57,"column":23}},"57":{"start":{"line":58,"column":0},"end":{"line":58,"column":70}},"58":{"start":{"line":59,"column":0},"end":{"line":59,"column":60}},"59":{"start":{"line":60,"column":0},"end":{"line":60,"column":68}},"60":{"start":{"line":61,"column":0},"end":{"line":61,"column":14}},"61":{"start":{"line":62,"column":0},"end":{"line":62,"column":66}},"62":{"start":{"line":63,"column":0},"end":{"line":63,"column":13}},"64":{"start":{"line":65,"column":0},"end":{"line":65,"column":64}},"66":{"start":{"line":67,"column":0},"end":{"line":67,"column":19}},"69":{"start":{"line":70,"column":0},"end":{"line":70,"column":25}},"70":{"start":{"line":71,"column":0},"end":{"line":71,"column":49}},"71":{"start":{"line":72,"column":0},"end":{"line":72,"column":73}},"72":{"start":{"line":73,"column":0},"end":{"line":73,"column":9}},"73":{"start":{"line":74,"column":0},"end":{"line":74,"column":49}},"74":{"start":{"line":75,"column":0},"end":{"line":75,"column":106}},"75":{"start":{"line":76,"column":0},"end":{"line":76,"column":27}},"76":{"start":{"line":77,"column":0},"end":{"line":77,"column":130}},"78":{"start":{"line":79,"column":0},"end":{"line":79,"column":24}},"79":{"start":{"line":80,"column":0},"end":{"line":80,"column":125}},"81":{"start":{"line":82,"column":0},"end":{"line":82,"column":14}},"82":{"start":{"line":83,"column":0},"end":{"line":83,"column":26}},"83":{"start":{"line":84,"column":0},"end":{"line":84,"column":48}},"84":{"start":{"line":85,"column":0},"end":{"line":85,"column":52}},"85":{"start":{"line":86,"column":0},"end":{"line":86,"column":11}},"86":{"start":{"line":87,"column":0},"end":{"line":87,"column":22}},"87":{"start":{"line":88,"column":0},"end":{"line":88,"column":13}},"88":{"start":{"line":89,"column":0},"end":{"line":89,"column":12}},"89":{"start":{"line":90,"column":0},"end":{"line":90,"column":10}},"91":{"start":{"line":92,"column":0},"end":{"line":92,"column":2}}},"s":{"0":1,"1":1,"3":1,"4":1,"6":468,"7":468,"8":468,"19":1,"20":156,"21":156,"22":156,"23":156,"24":156,"25":156,"26":156,"27":156,"28":4,"29":1,"30":1,"31":1,"32":4,"33":4,"34":156,"35":156,"38":156,"41":156,"42":156,"43":156,"44":156,"45":156,"46":26,"47":130,"48":15,"49":115,"50":156,"52":156,"53":26,"54":130,"55":15,"56":15,"57":15,"58":15,"59":15,"60":15,"61":15,"62":15,"64":115,"66":156,"69":156,"70":156,"71":156,"72":156,"73":156,"74":156,"75":156,"76":26,"78":156,"79":26,"81":156,"82":156,"83":156,"84":156,"85":156,"86":156,"87":156,"88":156,"89":156,"91":156},"branchMap":{"0":{"type":"branch","line":7,"loc":{"start":{"line":7,"column":0},"end":{"line":9,"column":1}},"locations":[{"start":{"line":7,"column":0},"end":{"line":9,"column":1}}]},"1":{"type":"branch","line":20,"loc":{"start":{"line":20,"column":28},"end":{"line":92,"column":2}},"locations":[{"start":{"line":20,"column":28},"end":{"line":92,"column":2}}]},"2":{"type":"branch","line":35,"loc":{"start":{"line":35,"column":56},"end":{"line":35,"column":84}},"locations":[{"start":{"line":35,"column":56},"end":{"line":35,"column":84}}]},"3":{"type":"branch","line":35,"loc":{"start":{"line":35,"column":70},"end":{"line":35,"column":115}},"locations":[{"start":{"line":35,"column":70},"end":{"line":35,"column":115}}]},"4":{"type":"branch","line":35,"loc":{"start":{"line":35,"column":84},"end":{"line":35,"column":106}},"locations":[{"start":{"line":35,"column":84},"end":{"line":35,"column":106}}]},"5":{"type":"branch","line":35,"loc":{"start":{"line":35,"column":95},"end":{"line":35,"column":115}},"locations":[{"start":{"line":35,"column":95},"end":{"line":35,"column":115}}]},"6":{"type":"branch","line":36,"loc":{"start":{"line":36,"column":20},"end":{"line":36,"column":40}},"locations":[{"start":{"line":36,"column":20},"end":{"line":36,"column":40}}]},"7":{"type":"branch","line":36,"loc":{"start":{"line":36,"column":31},"end":{"line":36,"column":50}},"locations":[{"start":{"line":36,"column":31},"end":{"line":36,"column":50}}]},"8":{"type":"branch","line":46,"loc":{"start":{"line":46,"column":10},"end":{"line":47,"column":53}},"locations":[{"start":{"line":46,"column":10},"end":{"line":47,"column":53}}]},"9":{"type":"branch","line":47,"loc":{"start":{"line":47,"column":14},"end":{"line":50,"column":56}},"locations":[{"start":{"line":47,"column":14},"end":{"line":50,"column":56}}]},"10":{"type":"branch","line":48,"loc":{"start":{"line":48,"column":14},"end":{"line":49,"column":53}},"locations":[{"start":{"line":48,"column":14},"end":{"line":49,"column":53}}]},"11":{"type":"branch","line":49,"loc":{"start":{"line":49,"column":16},"end":{"line":50,"column":56}},"locations":[{"start":{"line":49,"column":16},"end":{"line":50,"column":56}}]},"12":{"type":"branch","line":53,"loc":{"start":{"line":53,"column":9},"end":{"line":54,"column":39}},"locations":[{"start":{"line":53,"column":9},"end":{"line":54,"column":39}}]},"13":{"type":"branch","line":54,"loc":{"start":{"line":54,"column":37},"end":{"line":65,"column":64}},"locations":[{"start":{"line":54,"column":37},"end":{"line":65,"column":64}}]},"14":{"type":"branch","line":55,"loc":{"start":{"line":55,"column":12},"end":{"line":63,"column":13}},"locations":[{"start":{"line":55,"column":12},"end":{"line":63,"column":13}}]},"15":{"type":"branch","line":63,"loc":{"start":{"line":63,"column":10},"end":{"line":65,"column":64}},"locations":[{"start":{"line":63,"column":10},"end":{"line":65,"column":64}}]},"16":{"type":"branch","line":72,"loc":{"start":{"line":72,"column":9},"end":{"line":72,"column":37}},"locations":[{"start":{"line":72,"column":9},"end":{"line":72,"column":37}}]},"17":{"type":"branch","line":72,"loc":{"start":{"line":72,"column":22},"end":{"line":72,"column":73}},"locations":[{"start":{"line":72,"column":22},"end":{"line":72,"column":73}}]},"18":{"type":"branch","line":76,"loc":{"start":{"line":76,"column":11},"end":{"line":77,"column":130}},"locations":[{"start":{"line":76,"column":11},"end":{"line":77,"column":130}}]},"19":{"type":"branch","line":79,"loc":{"start":{"line":79,"column":11},"end":{"line":80,"column":125}},"locations":[{"start":{"line":79,"column":11},"end":{"line":80,"column":125}}]},"20":{"type":"branch","line":85,"loc":{"start":{"line":85,"column":10},"end":{"line":85,"column":35}},"locations":[{"start":{"line":85,"column":10},"end":{"line":85,"column":35}}]},"21":{"type":"branch","line":85,"loc":{"start":{"line":85,"column":21},"end":{"line":85,"column":52}},"locations":[{"start":{"line":85,"column":21},"end":{"line":85,"column":52}}]},"22":{"type":"branch","line":27,"loc":{"start":{"line":27,"column":15},"end":{"line":27,"column":39}},"locations":[{"start":{"line":27,"column":15},"end":{"line":27,"column":39}}]},"23":{"type":"branch","line":28,"loc":{"start":{"line":28,"column":17},"end":{"line":34,"column":8}},"locations":[{"start":{"line":28,"column":17},"end":{"line":34,"column":8}}]},"24":{"type":"branch","line":29,"loc":{"start":{"line":29,"column":22},"end":{"line":29,"column":48}},"locations":[{"start":{"line":29,"column":22},"end":{"line":29,"column":48}}]},"25":{"type":"branch","line":29,"loc":{"start":{"line":29,"column":48},"end":{"line":32,"column":9}},"locations":[{"start":{"line":29,"column":48},"end":{"line":32,"column":9}}]}},"b":{"0":[468],"1":[156],"2":[26],"3":[130],"4":[15],"5":[115],"6":[26],"7":[130],"8":[26],"9":[130],"10":[15],"11":[115],"12":[26],"13":[130],"14":[15],"15":[115],"16":[130],"17":[115],"18":[26],"19":[26],"20":[26],"21":[130],"22":[2],"23":[4],"24":[3],"25":[1]},"fnMap":{"0":{"name":"cn","decl":{"start":{"line":7,"column":0},"end":{"line":9,"column":1}},"loc":{"start":{"line":7,"column":0},"end":{"line":9,"column":1}},"line":7},"1":{"name":"TimelineNode","decl":{"start":{"line":20,"column":28},"end":{"line":92,"column":2}},"loc":{"start":{"line":20,"column":28},"end":{"line":92,"column":2}},"line":20},"2":{"name":"onClick","decl":{"start":{"line":27,"column":15},"end":{"line":27,"column":39}},"loc":{"start":{"line":27,"column":15},"end":{"line":27,"column":39}},"line":27},"3":{"name":"onKeyDown","decl":{"start":{"line":28,"column":17},"end":{"line":34,"column":8}},"loc":{"start":{"line":28,"column":17},"end":{"line":34,"column":8}},"line":28}},"f":{"0":468,"1":156,"2":2,"3":4}}
,"C:\\Users\\Owner\\Desktop\\CivicIQ\\civiciq\\src\\components\\timeline\\TimelinePanel.tsx": {"path":"C:\\Users\\Owner\\Desktop\\CivicIQ\\civiciq\\src\\components\\timeline\\TimelinePanel.tsx","all":false,"statementMap":{"0":{"start":{"line":1,"column":0},"end":{"line":1,"column":44}},"1":{"start":{"line":2,"column":0},"end":{"line":2,"column":46}},"2":{"start":{"line":3,"column":0},"end":{"line":3,"column":44}},"3":{"start":{"line":4,"column":0},"end":{"line":4,"column":54}},"4":{"start":{"line":5,"column":0},"end":{"line":5,"column":56}},"5":{"start":{"line":6,"column":0},"end":{"line":6,"column":49}},"12":{"start":{"line":13,"column":0},"end":{"line":13,"column":88}},"13":{"start":{"line":14,"column":0},"end":{"line":14,"column":76}},"15":{"start":{"line":16,"column":0},"end":{"line":16,"column":19}},"16":{"start":{"line":17,"column":0},"end":{"line":17,"column":25}},"17":{"start":{"line":18,"column":0},"end":{"line":18,"column":37}},"18":{"start":{"line":19,"column":0},"end":{"line":19,"column":5}},"19":{"start":{"line":20,"column":0},"end":{"line":20,"column":23}},"21":{"start":{"line":22,"column":0},"end":{"line":22,"column":80}},"23":{"start":{"line":24,"column":0},"end":{"line":24,"column":19}},"24":{"start":{"line":25,"column":0},"end":{"line":25,"column":24}},"25":{"start":{"line":26,"column":0},"end":{"line":26,"column":35}},"26":{"start":{"line":27,"column":0},"end":{"line":27,"column":36}},"27":{"start":{"line":28,"column":0},"end":{"line":28,"column":39}},"28":{"start":{"line":29,"column":0},"end":{"line":29,"column":9}},"29":{"start":{"line":30,"column":0},"end":{"line":30,"column":5}},"30":{"start":{"line":31,"column":0},"end":{"line":31,"column":26}},"32":{"start":{"line":33,"column":0},"end":{"line":33,"column":68}},"33":{"start":{"line":34,"column":0},"end":{"line":34,"column":32}},"34":{"start":{"line":35,"column":0},"end":{"line":35,"column":25}},"35":{"start":{"line":36,"column":0},"end":{"line":36,"column":71}},"36":{"start":{"line":37,"column":0},"end":{"line":37,"column":35}},"37":{"start":{"line":38,"column":0},"end":{"line":38,"column":63}},"38":{"start":{"line":39,"column":0},"end":{"line":39,"column":37}},"39":{"start":{"line":40,"column
[...]
,"C:\\Users\\Owner\\Desktop\\CivicIQ\\civiciq\\src\\pages\\Timeline.tsx": {"path":"C:\\Users\\Owner\\Desktop\\CivicIQ\\civiciq\\src\\pages\\Timeline.tsx","all":false,"statementMap":{"1":{"start":{"line":2,"column":0},"end":{"line":2,"column":64}},"2":{"start":{"line":3,"column":0},"end":{"line":3,"column":49}},"3":{"start":{"line":4,"column":0},"end":{"line":4,"column":53}},"4":{"start":{"line":5,"column":0},"end":{"line":5,"column":69}},"5":{"start":{"line":6,"column":0},"end":{"line":6,"column":57}},"6":{"start":{"line":7,"column":0},"end":{"line":7,"column":50}},"8":{"start":{"line":9,"column":0},"end":{"line":9,"column":31}},"9":{"start":{"line":10,"column":0},"end":{"line":10,"column":43}},"10":{"start":{"line":11,"column":0},"end":{"line":11,"column":33}},"11":{"start":{"line":12,"column":0},"end":{"line":12,"column":64}},"12":{"start":{"line":13,"column":0},"end":{"line":13,"column":57}},"14":{"start":{"line":15,"column":0},"end":{"line":15,"column":29}},"15":{"start":{"line":16,"column":0},"end":{"line":16,"column":37}},"16":{"start":{"line":17,"column":0},"end":{"line":17,"column":39}},"17":{"start":{"line":18,"column":0},"end":{"line":18,"column":39}},"18":{"start":{"line":19,"column":0},"end":{"line":19,"column":4}},"20":{"start":{"line":21,"column":0},"end":{"line":21,"column":10}},"21":{"start":{"line":22,"column":0},"end":{"line":22,"column":48}},"22":{"start":{"line":23,"column":0},"end":{"line":23,"column":16}},"24":{"start":{"line":25,"column":0},"end":{"line":25,"column":87}},"25":{"start":{"line":26,"column":0},"end":{"line":26,"column":92}},"26":{"start":{"line":27,"column":0},"end":{"line":27,"column":37}},"27":{"start":{"line":28,"column":0},"end":{"line":28,"column":20}},"28":{"start":{"line":29,"column":0},"end":{"line":29,"column":43}},"29":{"start":{"line":30,"column":0},"end":{"line":30,"column":172}},"30":{"start":{"line":31,"column":0},"end":{"line":31,"column":47}},"32":{"start":{"line":33,"column":0},"end":{"line":33,"column":79}},"33":{"start":{"line":34,"column":0},"end":{"line":34,"column":21}},"35":{"start":{"line":36,"column":0},"end":{"line":36,"column":58}},"36":{"start":{"line":37,"column":0},"end":{"line":37,"column":96}},"37":{"start":{"line":38,"column":0},"end":{"line":38,"column":109}},"38":{"start":{"line":39,"column":0},"end":{"line":39,"column":18}},"40":{"start":{"line":41,"column":0},"end":{"line":41,"column":80}},"42":{"start":{"line":43,"column":0},"end":{"line":43,"column":16}},"43":{"start":{"line":44,"column":0},"end":{"line":44,"column":16}},"45":{"start":{"line":46,"column":0},"end":{"line":46,"column":17}},"46":{"start":{"line":47,"column":0},"end":{"line":47,"column":33}},"47":{"start":{"line":48,"column":0},"end":{"line":48,"column":165}},"49":{"start":{"line":50,"column":0},"end":{"line":50,"column":42}},"51":{"start":{"line":52,"column":0},"end":{"line":52,"column":19}},"52":{"start":{"line":53,"column":0},"end":{"line":53,"column":14}},"55":{"start":{"line":56,"column":0},"end":{"line":56,"column":52}},"57":{"start":{"line":58,"column":0},"end":{"line":58,"column":14}},"59":{"start":{"line":60,"column":0},"end":{"line":60,"column":23}},"60":{"start":{"line":61,"column":0},"end":{"line":61,"column":34}},"61":{"start":{"line":62,"column":0},"end":{"line":62,"column":34}},"62":{"start":{"line":63,"column":0},"end":{"line":63,"column":28}},"63":{"start":{"line":64,"column":0},"end":{"line":64,"column":13}},"64":{"start":{"line":65,"column":0},"end":{"line":65,"column":41}},"65":{"start":{"line":66,"column":0},"end":{"line":66,"column":10}},"67":{"start":{"line":68,"column":0},"end":{"line":68,"column":21}},"68":{"start":{"line":69,"column":0},"end":{"line":69,"column":13}},"69":{"start":{"line":70,"column":0},"end":{"line":70,"column":10}},"71":{"start":{"line":72,"column":0},"end":{"line":72,"column":2}}},"s":{"1":1,"2":1,"3":1,"4":1,"5":1,"6":1,"8":1,"9":19,"10":19,"11":19,"12":19,"14":19,"15":0,"16":0,"17":0,"18":0,"20":19,"21":19,"22":19,"24":19,"25":19,"26":19,"27":19,"28":19,"29":19,"30":19,"32":19,"33":19,"35":19,"36":19,"37":19,"38":19,"40":19,"42":19,"43":19,"45":19,"46":19,"47":19,"49":19,"51":19,"52":19,"55":19,"57":19,"59":19,"60":19,"61":2,"62":2,"63":2,"64":19,"65":19,"67":19,"68":19,"69":19,"71":19},"branchMap":{"0":{"type":"branch","line":9,"loc":{"start":{"line":9,"column":24},"end":{"line":72,"column":2}},"locations":[{"start":{"line":9,"column":24},"end":{"line":72,"column":2}}]},"1":{"type":"branch","line":61,"loc":{"start":{"line":61,"column":24},"end":{"line":64,"column":13}},"locations":[{"start":{"line":61,"column":24},"end":{"line":64,"column":13}}]}},"b":{"0":[19],"1":[2]},"fnMap":{"0":{"name":"Timeline","decl":{"start":{"line":9,"column":24},"end":{"line":72,"column":2}},"loc":{"start":{"line":9,"column":24},"end":{"line":72,"column":2}},"line":9},"1":{"name":"handleShare","decl":{"start":{"line":15,"column":22},"end":{"line":19,"column":4}},"loc":{"start":{"line":15,"column":22},"end":{"line":19,"column":4}},"line":15},"2":{"name":"onClick","decl":{"start":{"line":29,"column":23},"end":{"line":29,"column":43}},"loc":{"start":{"line":29,"column":23},"end":{"line":29,"column":43}},"line":29},"3":{"name":"onAskCivicIQ","decl":{"start":{"line":61,"column":24},"end":{"line":64,"column":13}},"loc":{"start":{"line":61,"column":24},"end":{"line":64,"column":13}},"line":61}},"f":{"0":19,"1":0,"2":0,"3":2}}
,"C:\\Users\\Owner\\Desktop\\CivicIQ\\civiciq\\src\\store\\authStore.ts": {"path":"C:\\Users\\Owner\\Desktop\\CivicIQ\\civiciq\\src\\store\\authStore.ts","all":false,"statementMap":{"0":{"start":{"line":1,"column":0},"end":{"line":1,"column":33}},"11":{"start":{"line":12,"column":0},"end":{"line":12,"column":57}},"12":{"start":{"line":13,"column":0},"end":{"line":13,"column":13}},"13":{"start":{"line":14,"column":0},"end":{"line":14,"column":16}},"14":{"start":{"line":15,"column":0},"end":{"line":15,"column":51}},"15":{"start":{"line":16,"column":0},"end":{"line":16,"column":44}},"16":{"start":{"line":17,"column":0},"end":{"line":17,"column":55}},"17":{"start":{"line":18,"column":0},"end":{"line":18,"column":4}}},"s":{"0":1,"11":1,"12":3,"13":3,"14":3,"15":3,"16":3,"17":1},"branchMap":{"0":{"type":"branch","line":12,"loc":{"start":{"line":12,"column":46},"end":{"line":18,"column":2}},"locations":[{"start":{"line":12,"column":46},"end":{"line":18,"column":2}}]},"1":{"type":"branch","line":15,"loc":{"start":{"line":15,"column":11},"end":{"line":15,"column":51}},"locations":[{"start":{"line":15,"column":11},"end":{"line":15,"column":51}}]},"2":{"type":"branch","line":16,"loc":{"start":{"line":16,"column":14},"end":{"line":16,"column":44}},"locations":[{"start":{"line":16,"column":14},"end":{"line":16,"column":44}}]},"3":{"type":"branch","line":17,"loc":{"start":{"line":17,"column":13},"end":{"line":17,"column":55}},"locations":[{"start":{"line":17,"column":13},"end":{"line":17,"column":55}}]}},"b":{"0":[3],"1":[2],"2":[14],"3":[10]},"fnMap":{"0":{"name":"setUser","decl":{"start":{"line":15,"column":11},"end":{"line":15,"column":51}},"loc":{"start":{"line":15,"column":11},"end":{"line":15,"column":51}},"line":15},"1":{"name":"setLoading","decl":{"start":{"line":16,"column":14},"end":{"line":16,"column":44}},"loc":{"start":{"line":16,"column":14},"end":{"line":16,"column":44}},"line":16},"2":{"name":"clearUser","decl":{"start":{"line":17,"column":13},"end":{"line":17,"column":55}},"loc":{"start":{"line":17,"column":13},"end":{"line":17,"column":55}},"line":17}},"f":{"0":2,"1":14,"2":10}}
,"C:\\Users\\Owner\\Desktop\\CivicIQ\\civiciq\\src\\store\\chatStore.ts": {"path":"C:\\Users\\Owner\\Desktop\\CivicIQ\\civiciq\\src\\store\\chatStore.ts","all":false,"statementMap":{"0":{"start":{"line":1,"column":0},"end":{"line":1,"column":33}},"15":{"start":{"line":16,"column":0},"end":{"line":16,"column":57}},"16":{"start":{"line":17,"column":0},"end":{"line":17,"column":15}},"17":{"start":{"line":18,"column":0},"end":{"line":18,"column":16}},"18":{"start":{"line":19,"column":0},"end":{"line":19,"column":22}},"19":{"start":{"line":20,"column":0},"end":{"line":20,"column":45}},"20":{"start":{"line":21,"column":0},"end":{"line":21,"column":43}},"21":{"start":{"line":22,"column":0},"end":{"line":22,"column":6}},"22":{"start":{"line":23,"column":0},"end":{"line":23,"column":50}},"23":{"start":{"line":24,"column":0},"end":{"line":24,"column":44}},"24":{"start":{"line":25,"column":0},"end":{"line":25,"column":33}},"25":{"start":{"line":26,"column":0},"end":{"line":26,"column":60}},"26":{"start":{"line":27,"column":0},"end":{"line":27,"column":5}},"27":{"start":{"line":28,"column":0},"end":{"line":28,"column":37}},"28":{"start":{"line":29,"column":0},"end":{"line":29,"column":5}},"29":{"start":{"line":30,"column":0},"end":{"line":30,"column":47}},"30":{"start":{"line":31,"column":0},"end":{"line":31,"column":41}},"31":{"start":{"line":32,"column":0},"end":{"line":32,"column":65}},"32":{"start":{"line":33,"column":0},"end":{"line":33,"column":45}},"33":{"start":{"line":34,"column":0},"end":{"line":34,"column":4}}},"s":{"0":1,"15":1,"16":6,"17":6,"18":6,"19":6,"20":1,"21":1,"22":6,"23":0,"24":0,"25":0,"26":0,"27":0,"28":0,"29":6,"30":6,"31":6,"32":6,"33":1},"branchMap":{"0":{"type":"branch","line":16,"loc":{"start":{"line":16,"column":46},"end":{"line":34,"column":2}},"locations":[{"start":{"line":16,"column":46},"end":{"line":34,"column":2}}]},"1":{"type":"branch","line":20,"loc":{"start":{"line":20,"column":14},"end":{"line":22,"column":6}},"locations":[{"start":{"line":20,"column":14},"end":{"line":22,"column":6}}]},"2":{"type":"branch","line":20,"loc":{"start":{"line":20,"column":31},"end":{"line":22,"column":4}},"locations":[{"start":{"line":20,"column":31},"end":{"line":22,"column":4}}]},"3":{"type":"branch","line":31,"loc":{"start":{"line":31,"column":13},"end":{"line":31,"column":41}},"locations":[{"start":{"line":31,"column":13},"end":{"line":31,"column":41}}]},"4":{"type":"branch","line":32,"loc":{"start":{"line":32,"column":20},"end":{"line":32,"column":65}},"locations":[{"start":{"line":32,"column":20},"end":{"line":32,"column":65}}]},"5":{"type":"branch","line":33,"loc":{"start":{"line":33,"column":17},"end":{"line":33,"column":45}},"locations":[{"start":{"line":33,"column":17},"end":{"line":33,"column":45}}]}},"b":{"0":[6],"1":[1],"2":[1],"3":[4],"4":[3],"5":[1]},"fnMap":{"0":{"name":"addMessage","decl":{"start":{"line":20,"column":14},"end":{"line":22,"column":6}},"loc":{"start":{"line":20,"column":14},"end":{"line":22,"column":6}},"line":20},"1":{"name":"updateLastMessage","decl":{"start":{"line":23,"column":21},"end":{"line":29,"column":5}},"loc":{"start":{"line":23,"column":21},"end":{"line":29,"column":5}},"line":23},"2":{"name":"setMessages","decl":{"start":{"line":30,"column":15},"end":{"line":30,"column":47}},"loc":{"start":{"line":30,"column":15},"end":{"line":30,"column":47}},"line":30},"3":{"name":"setIsOpen","decl":{"start":{"line":31,"column":13},"end":{"line":31,"column":41}},"loc":{"start":{"line":31,"column":13},"end":{"line":31,"column":41}},"line":31},"4":{"name":"setActiveContext","decl":{"start":{"line":32,"column":20},"end":{"line":32,"column":65}},"loc":{"start":{"line":32,"column":20},"end":{"line":32,"column":65}},"line":32},"5":{"name":"clearMessages","decl":{"start":{"line":33,"column":17},"end":{"line":33,"column":45}},"loc":{"start":{"line":33,"column":17},"end":{"line":33,"column":45}},"line":33}},"f":{"0":1,"1":0,"2":0,"3":4,"4":3,"5":1}}
,"C:\\Users\\Owner\\Desktop\\CivicIQ\\civiciq\\src\\store\\checklistStore.ts": {"path":"C:\\Users\\Owner\\Desktop\\CivicIQ\\civiciq\\src\\store\\checklistStore.ts","all":false,"statementMap":{"0":{"start":{"line":1,"column":0},"end":{"line":1,"column":33}},"9":{"start":{"line":10,"column":0},"end":{"line":10,"column":67}},"10":{"start":{"line":11,"column":0},"end":{"line":11,"column":12}},"11":{"start":{"line":12,"column":0},"end":{"line":12,"column":38}},"12":{"start":{"line":13,"column":0},"end":{"line":13,"column":39}},"13":{"start":{"line":14,"column":0},"end":{"line":14,"column":35}},"14":{"start":{"line":15,"column":0},"end":{"line":15,"column":69}},"15":{"start":{"line":16,"column":0},"end":{"line":16,"column":5}},"16":{"start":{"line":17,"column":0},"end":{"line":17,"column":6}},"17":{"start":{"line":18,"column":0},"end":{"line":18,"column":4}}},"s":{"0":1,"9":1,"10":2,"11":2,"12":2,"13":5,"14":35,"15":5,"16":5,"17":1},"branchMap":{"0":{"type":"branch","line":10,"loc":{"start":{"line":10,"column":56},"end":{"line":18,"column":2}},"locations":[{"start":{"line":10,"column":56},"end":{"line":18,"column":2}}]},"1":{"type":"branch","line":12,"loc":{"start":{"line":12,"column":12},"end":{"line":12,"column":38}},"locations":[{"start":{"line":12,"column":12},"end":{"line":12,"column":38}}]},"2":{"type":"branch","line":13,"loc":{"start":{"line":13,"column":14},"end":{"line":17,"column":6}},"locations":[{"start":{"line":13,"column":14},"end":{"line":17,"column":6}}]},"3":{"type":"branch","line":13,"loc":{"start":{"line":13,"column":26},"end":{"line":17,"column":4}},"locations":[{"start":{"line":13,"column":26},"end":{"line":17,"column":4}}]},"4":{"type":"branch","line":14,"loc":{"start":{"line":14,"column":27},"end":{"line":15,"column":69}},"locations":[{"start":{"line":14,"column":27},"end":{"line":15,"column":69}}]},"5":{"type":"branch","line":15,"loc":{"start":{"line":15,"column":18},"end":{"line":15,"column":65}},"locations":[{"start":{"line":15,"column":18},"end":{"line":15,"column":65}}]},"6":{"type":"branch","line":15,"loc":{"start":{"line":15,"column":61},"end":{"line":15,"column":69}},"locations":[{"start":{"line":15,"column":61},"end":{"line":15,"column":69}}]}},"b":{"0":[2],"1":[10],"2":[5],"3":[5],"4":[35],"5":[5],"6":[30]},"fnMap":{"0":{"name":"setItems","decl":{"start":{"line":12,"column":12},"end":{"line":12,"column":38}},"loc":{"start":{"line":12,"column":12},"end":{"line":12,"column":38}},"line":12},"1":{"name":"toggleItem","decl":{"start":{"line":13,"column":14},"end":{"line":17,"column":6}},"loc":{"start":{"line":13,"column":14},"end":{"line":17,"column":6}},"line":13}},"f":{"0":10,"1":5}}
,"C:\\Users\\Owner\\Desktop\\CivicIQ\\civiciq\\src\\store\\languageStore.ts": {"path":"C:\\Users\\Owner\\Desktop\\CivicIQ\\civiciq\\src\\store\\languageStore.ts","all":false,"statementMap":{"0":{"start":{"line":1,"column":0},"end":{"line":1,"column":33}},"7":{"start":{"line":8,"column":0},"end":{"line":8,"column":65}},"8":{"start":{"line":9,"column":0},"end":{"line":9,"column":68}},"9":{"start":{"line":10,"column":0},"end":{"line":10,"column":26}},"10":{"start":{"line":11,"column":0},"end":{"line":11,"column":51}},"11":{"start":{"line":12,"column":0},"end":{"line":12,"column":35}},"12":{"start":{"line":13,"column":0},"end":{"line":13,"column":4}},"13":{"start":{"line":14,"column":0},"end":{"line":14,"column":4}}},"s":{"0":1,"7":1,"8":3,"9":3,"10":0,"11":0,"12":0,"13":1},"branchMap":{"0":{"type":"branch","line":8,"loc":{"start":{"line":8,"column":54},"end":{"line":14,"column":2}},"locations":[{"start":{"line":8,"column":54},"end":{"line":14,"column":2}}]}},"b":{"0":[3]},"fnMap":{"0":{"name":"setLanguage","decl":{"start":{"line":10,"column":15},"end":{"line":13,"column":4}},"loc":{"start":{"line":10,"column":15},"end":{"line":13,"column":4}},"line":10}},"f":{"0":0}}
,"C:\\Users\\Owner\\Desktop\\CivicIQ\\civiciq\\src\\store\\timelineStore.ts": {"path":"C:\\Users\\Owner\\Desktop\\CivicIQ\\civiciq\\src\\store\\timelineStore.ts","all":false,"statementMap":{"0":{"start":{"line":1,"column":0},"end":{"line":1,"column":33}},"2":{"start":{"line":3,"column":0},"end":{"line":3,"column":51}},"14":{"start":{"line":15,"column":0},"end":{"line":15,"column":65}},"15":{"start":{"line":16,"column":0},"end":{"line":16,"column":26}},"16":{"start":{"line":17,"column":0},"end":{"line":17,"column":39}},"17":{"start":{"line":18,"column":0},"end":{"line":18,"column":15}},"18":{"start":{"line":19,"column":0},"end":{"line":19,"column":41}},"19":{"start":{"line":20,"column":0},"end":{"line":20,"column":55}},"20":{"start":{"line":21,"column":0},"end":{"line":21,"column":47}},"21":{"start":{"line":22,"column":0},"end":{"line":22,"column":46}},"22":{"start":{"line":23,"column":0},"end":{"line":23,"column":47}},"23":{"start":{"line":24,"column":0},"end":{"line":24,"column":6}},"24":{"start":{"line":25,"column":0},"end":{"line":25,"column":4}}},"s":{"0":1,"2":1,"14":1,"15":3,"16":3,"17":3,"18":3,"19":3,"20":3,"21":3,"22":9,"23":9,"24":1},"branchMap":{"0":{"type":"branch","line":15,"loc":{"start":{"line":15,"column":54},"end":{"line":25,"column":2}},"locations":[{"start":{"line":15,"column":54},"end":{"line":25,"column":2}}]},"1":{"type":"branch","line":20,"loc":{"start":{"line":20,"column":20},"end":{"line":20,"column":55}},"locations":[{"start":{"line":20,"column":20},"end":{"line":20,"column":55}}]},"2":{"type":"branch","line":22,"loc":{"start":{"line":22,"column":21},"end":{"line":24,"column":6}},"locations":[{"start":{"line":22,"column":21},"end":{"line":24,"column":6}}]},"3":{"type":"branch","line":22,"loc":{"start":{"line":22,"column":33},"end":{"line":24,"column":4}},"locations":[{"start":{"line":22,"column":33},"end":{"line":24,"column":4}}]}},"b":{"0":[3],"1":[7],"2":[9],"3":[9]},"fnMap":{"0":{"name":"setPhases","decl":{"start":{"line":19,"column":13},"end":{"line":19,"column":41}},"loc":{"start":{"line":19,"column":13},"end":{"line":19,"column":41}},"line":19},"1":{"name":"setActivePhaseId","decl":{"start":{"line":20,"column":20},"end":{"line":20,"column":55}},"loc":{"start":{"line":20,"column":20},"end":{"line":20,"column":55}},"line":20},"2":{"name":"setProgress","decl":{"start":{"line":21,"column":15},"end":{"line":21,"column":47}},"loc":{"start":{"line":21,"column":15},"end":{"line":21,"column":47}},"line":21},"3":{"name":"markPhaseComplete","decl":{"start":{"line":22,"column":21},"end":{"line":24,"column":6}},"loc":{"start":{"line":22,"column":21},"end":{"line":24,"column":6}},"line":22}},"f":{"0":0,"1":7,"2":0,"3":9}}
,"C:\\Users\\Owner\\Desktop\\CivicIQ\\civiciq\\src\\types\\election.ts": {"path":"C:\\Users\\Owner\\Desktop\\CivicIQ\\civiciq\\src\\types\\election.ts","all":true,"statementMap":{},"s":{},"branchMap":{"0":{"type":"branch","line":1,"loc":{"start":{"line":1,"column":764},"end":{"line":39,"column":1}},"locations":[{"start":{"line":1,"column":764},"end":{"line":39,"column":1}}]}},"b":{"0":[1]},"fnMap":{"0":{"name":"(empty-report)","decl":{"start":{"line":1,"column":764},"end":{"line":39,"column":1}},"loc":{"start":{"line":1,"column":764},"end":{"line":39,"column":1}},"line":1}},"f":{"0":1}}
}
